0 verbose cli C:\Program Files\nodejs\node.exe C:\Program Files\nodejs\node_modules\npm\bin\npm-cli.js
1 info using npm@8.11.0
2 info using node@v18.3.0
3 timing npm:load:whichnode Completed in 0ms
4 timing config:load:defaults Completed in 1ms
5 timing config:load:file:C:\Program Files\nodejs\node_modules\npm\npmrc Completed in 3ms
6 timing config:load:builtin Completed in 3ms
7 warn config global `--global`, `--local` are deprecated. Use `--location=global` instead.
8 timing config:load:cli Completed in 2ms
9 timing config:load:env Completed in 1ms
10 timing config:load:project Completed in 4ms
11 timing config:load:file:C:\Users\SUBHAM RATH\.npmrc Completed in 1ms
12 timing config:load:user Completed in 1ms
13 timing config:load:file:C:\Users\SUBHAM RATH\AppData\Roaming\npm\etc\npmrc Completed in 0ms
14 timing config:load:global Completed in 1ms
15 timing config:load:validate Completed in 0ms
16 timing config:load:credentials Completed in 1ms
17 timing config:load:setEnvs Completed in 1ms
18 timing config:load Completed in 16ms
19 timing npm:load:configload Completed in 16ms
20 timing npm:load:mkdirpcache Completed in 0ms
21 timing npm:load:mkdirplogs Completed in 0ms
22 verbose title npm prefix
23 verbose argv "prefix" "--global"
24 timing npm:load:setTitle Completed in 1ms
25 timing config:load:flatten Completed in 3ms
26 timing npm:load:display Completed in 7ms
27 verbose logfile logs-max:10 dir:C:\Users\SUBHAM RATH\Desktop\JS\dell\CodeCrib\codecrib\UsersSUBHAMRATHAppDataRoamingnpm-cache\_logs
28 verbose logfile C:\Users\SUBHAM RATH\Desktop\JS\dell\CodeCrib\codecrib\UsersSUBHAMRATHAppDataRoamingnpm-cache\_logs\2022-11-05T18_13_32_811Z-debug-0.log
29 timing npm:load:logFile Completed in 17ms
30 timing npm:load:timers Completed in 0ms
31 timing npm:load:configScope Completed in 0ms
32 timing npm:load Completed in 43ms
33 timing command:prefix Completed in 1ms
34 verbose exit 0
35 timing npm Completed in 50ms
36 info ok
