0 verbose cli C:\Program Files\nodejs\node.exe C:\Program Files\nodejs\node_modules\npm\bin\npm-cli.js
1 info using npm@8.11.0
2 info using node@v18.3.0
3 timing npm:load:whichnode Completed in 0ms
4 timing config:load:defaults Completed in 1ms
5 timing config:load:file:C:\Program Files\nodejs\node_modules\npm\npmrc Completed in 3ms
6 timing config:load:builtin Completed in 3ms
7 timing config:load:cli Completed in 1ms
8 timing config:load:env Completed in 1ms
9 timing config:load:file:C:\Users\SUBHAM RATH\Desktop\JS\dell\CodeCrib\codecrib\.npmrc Completed in 0ms
10 timing config:load:project Completed in 5ms
11 timing config:load:file:C:\Users\SUBHAM RATH\.npmrc Completed in 1ms
12 timing config:load:user Completed in 1ms
13 timing config:load:file:C:\Users\SUBHAM RATH\AppData\Roaming\npm\etc\npmrc Completed in 12ms
14 timing config:load:global Completed in 12ms
15 timing config:load:validate Completed in 0ms
16 timing config:load:credentials Completed in 1ms
17 timing config:load:setEnvs Completed in 1ms
18 timing config:load Completed in 27ms
19 timing npm:load:configload Completed in 27ms
20 timing npm:load:mkdirpcache Completed in 1ms
21 timing npm:load:mkdirplogs Completed in 0ms
22 verbose title npm i react-loader-spinner
23 verbose argv "i" "react-loader-spinner"
24 timing npm:load:setTitle Completed in 1ms
25 timing config:load:flatten Completed in 2ms
26 timing npm:load:display Completed in 4ms
27 verbose logfile logs-max:10 dir:C:\Users\SUBHAM RATH\Desktop\JS\dell\CodeCrib\codecrib\UsersSUBHAMRATHAppDataRoamingnpm-cache\_logs
28 verbose logfile C:\Users\SUBHAM RATH\Desktop\JS\dell\CodeCrib\codecrib\UsersSUBHAMRATHAppDataRoamingnpm-cache\_logs\2022-11-06T16_48_45_597Z-debug-0.log
29 timing npm:load:logFile Completed in 8ms
30 timing npm:load:timers Completed in 0ms
31 timing npm:load:configScope Completed in 0ms
32 timing npm:load Completed in 42ms
33 timing arborist:ctor Completed in 1ms
34 silly logfile start cleaning logs, removing 2 files
35 timing idealTree:init Completed in 800ms
36 timing idealTree:userRequests Completed in 4ms
37 silly idealTree buildDeps
38 silly fetch manifest react-loader-spinner@*
39 silly logfile done cleaning log files
40 timing arborist:ctor Completed in 0ms
41 http fetch GET 200 https://registry.npmjs.org/react-loader-spinner 8473ms (cache miss)
42 silly fetch manifest react@^18.2.0
43 http fetch GET 200 https://registry.npmjs.org/react 30ms (cache hit)
44 silly fetch manifest react-dom@^18.2.0
45 http fetch GET 200 https://registry.npmjs.org/react-dom 11ms (cache hit)
46 silly placeDep ROOT react-loader-spinner@5.3.4 OK for: codecrib@0.1.0 want: *
47 silly fetch manifest react-is@^18.2.0
48 silly fetch manifest styled-components@^5.3.5
49 silly fetch manifest styled-tools@^1.7.2
50 http fetch GET 200 https://registry.npmjs.org/react-is 17ms (cache hit)
51 http fetch GET 200 https://registry.npmjs.org/styled-tools 4762ms (cache miss)
52 http fetch GET 200 https://registry.npmjs.org/styled-components 23060ms (cache miss)
53 timing idealTree:#root Completed in 31606ms
54 silly fetch manifest react@^16.0.0 || ^17.0.0 || ^18.0.0
55 silly fetch manifest react-dom@^16.0.0 || ^17.0.0 || ^18.0.0
56 silly placeDep node_modules/react-loader-spinner react-is@18.2.0 OK for: react-loader-spinner@5.3.4 want: ^18.2.0
57 silly placeDep ROOT styled-components@5.3.6 OK for: react-loader-spinner@5.3.4 want: ^5.3.5
58 silly placeDep ROOT styled-tools@1.7.2 OK for: react-loader-spinner@5.3.4 want: ^1.7.2
59 silly fetch manifest @emotion/is-prop-valid@^1.1.0
60 silly fetch manifest @emotion/stylis@^0.8.4
61 silly fetch manifest @emotion/unitless@^0.7.4
62 silly fetch manifest babel-plugin-styled-components@>= 1.12.0
63 silly fetch manifest css-to-react-native@^3.0.0
64 silly fetch manifest hoist-non-react-statics@^3.0.0
65 silly fetch manifest shallowequal@^1.1.0
66 http fetch GET 200 https://registry.npmjs.org/shallowequal 1390ms (cache miss)
67 http fetch GET 200 https://registry.npmjs.org/@emotion%2fis-prop-valid 5284ms (cache miss)
68 http fetch GET 200 https://registry.npmjs.org/babel-plugin-styled-components 6944ms (cache miss)
69 http fetch GET 200 https://registry.npmjs.org/css-to-react-native 7246ms (cache miss)
70 http fetch GET 200 https://registry.npmjs.org/@emotion%2funitless 7247ms (cache miss)
71 http fetch GET 200 https://registry.npmjs.org/@emotion%2fstylis 8294ms (cache miss)
72 http fetch GET 200 https://registry.npmjs.org/hoist-non-react-statics 8601ms (cache miss)
73 timing idealTree:node_modules/react-loader-spinner Completed in 8616ms
74 silly fetch manifest styled-components@>= 2
75 silly fetch manifest react@>= 16.8.0
76 silly fetch manifest react-dom@>= 16.8.0
77 silly fetch manifest react-is@>= 16.8.0
78 silly placeDep ROOT @emotion/is-prop-valid@1.2.0 OK for: styled-components@5.3.6 want: ^1.1.0
79 silly placeDep ROOT @emotion/stylis@0.8.5 OK for: styled-components@5.3.6 want: ^0.8.4
80 silly placeDep ROOT @emotion/unitless@0.7.5 OK for: styled-components@5.3.6 want: ^0.7.4
81 silly placeDep ROOT babel-plugin-styled-components@2.0.7 OK for: styled-components@5.3.6 want: >= 1.12.0
82 silly placeDep ROOT css-to-react-native@3.0.0 OK for: styled-components@5.3.6 want: ^3.0.0
83 silly placeDep ROOT hoist-non-react-statics@3.3.2 OK for: styled-components@5.3.6 want: ^3.0.0
84 silly placeDep ROOT shallowequal@1.1.0 OK for: styled-components@5.3.6 want: ^1.1.0
85 silly fetch manifest @emotion/memoize@^0.8.0
86 silly fetch manifest babel-plugin-syntax-jsx@^6.18.0
87 silly fetch manifest camelize@^1.0.0
88 silly fetch manifest css-color-keywords@^1.0.0
89 silly fetch manifest react-is@^16.7.0
90 http fetch GET 200 https://registry.npmjs.org/camelize 881ms (cache miss)
91 http fetch GET 200 https://registry.npmjs.org/babel-plugin-syntax-jsx 1027ms (cache miss)
92 http fetch GET 200 https://registry.npmjs.org/@emotion%2fmemoize 1630ms (cache miss)
93 http fetch GET 200 https://registry.npmjs.org/css-color-keywords 1632ms (cache miss)
94 timing idealTree:node_modules/styled-components Completed in 1647ms
95 silly placeDep ROOT @emotion/memoize@0.8.0 OK for: @emotion/is-prop-valid@1.2.0 want: ^0.8.0
96 timing idealTree:node_modules/@emotion/is-prop-valid Completed in 3ms
97 timing idealTree:node_modules/@emotion/memoize Completed in 0ms
98 timing idealTree:node_modules/@emotion/stylis Completed in 0ms
99 timing idealTree:node_modules/@emotion/unitless Completed in 0ms
100 silly placeDep ROOT babel-plugin-syntax-jsx@6.18.0 OK for: babel-plugin-styled-components@2.0.7 want: ^6.18.0
101 timing idealTree:node_modules/babel-plugin-styled-components Completed in 3ms
102 timing idealTree:node_modules/babel-plugin-syntax-jsx Completed in 0ms
103 silly placeDep ROOT camelize@1.0.1 OK for: css-to-react-native@3.0.0 want: ^1.0.0
104 silly placeDep ROOT css-color-keywords@1.0.0 OK for: css-to-react-native@3.0.0 want: ^1.0.0
105 timing idealTree:node_modules/css-to-react-native Completed in 3ms
106 timing idealTree:node_modules/camelize Completed in 0ms
107 timing idealTree:node_modules/css-color-keywords Completed in 0ms
108 silly placeDep node_modules/hoist-non-react-statics react-is@16.13.1 OK for: hoist-non-react-statics@3.3.2 want: ^16.7.0
109 timing idealTree:node_modules/hoist-non-react-statics Completed in 1ms
110 timing idealTree:node_modules/shallowequal Completed in 0ms
111 timing idealTree:node_modules/styled-tools Completed in 0ms
112 timing idealTree:node_modules/hoist-non-react-statics/node_modules/react-is Completed in 0ms
113 timing idealTree:node_modules/react-loader-spinner/node_modules/react-is Completed in 0ms
114 timing idealTree:buildDeps Completed in 41884ms
115 timing idealTree:fixDepFlags Completed in 20ms
116 timing idealTree Completed in 42722ms
117 timing reify:loadTrees Completed in 42722ms
118 timing reify:diffTrees Completed in 28ms
119 silly reify moves {}
120 timing reify:retireShallow Completed in 1ms
121 timing reify:createSparse Completed in 19ms
122 timing reify:loadBundles Completed in 0ms
123 silly audit bulk request {
123 silly audit   '@adobe/css-tools': [ '4.0.1' ],
123 silly audit   '@ampproject/remapping': [ '2.2.0' ],
123 silly audit   '@babel/code-frame': [ '7.18.6' ],
123 silly audit   '@babel/compat-data': [ '7.20.1' ],
123 silly audit   '@babel/core': [ '7.20.2' ],
123 silly audit   semver: [ '6.3.0', '7.3.8' ],
123 silly audit   '@babel/eslint-parser': [ '7.19.1' ],
123 silly audit   'eslint-visitor-keys': [ '2.1.0', '3.3.0' ],
123 silly audit   '@babel/generator': [ '7.20.2' ],
123 silly audit   '@jridgewell/gen-mapping': [ '0.3.2', '0.1.1' ],
123 silly audit   '@babel/helper-annotate-as-pure': [ '7.18.6' ],
123 silly audit   '@babel/helper-builder-binary-assignment-operator-visitor': [ '7.18.9' ],
123 silly audit   '@babel/helper-compilation-targets': [ '7.20.0' ],
123 silly audit   '@babel/helper-create-class-features-plugin': [ '7.20.2' ],
123 silly audit   '@babel/helper-create-regexp-features-plugin': [ '7.19.0' ],
123 silly audit   '@babel/helper-define-polyfill-provider': [ '0.3.3' ],
123 silly audit   '@babel/helper-environment-visitor': [ '7.18.9' ],
123 silly audit   '@babel/helper-explode-assignable-expression': [ '7.18.6' ],
123 silly audit   '@babel/helper-function-name': [ '7.19.0' ],
123 silly audit   '@babel/helper-hoist-variables': [ '7.18.6' ],
123 silly audit   '@babel/helper-member-expression-to-functions': [ '7.18.9' ],
123 silly audit   '@babel/helper-module-imports': [ '7.18.6' ],
123 silly audit   '@babel/helper-module-transforms': [ '7.20.2' ],
123 silly audit   '@babel/helper-optimise-call-expression': [ '7.18.6' ],
123 silly audit   '@babel/helper-plugin-utils': [ '7.20.2' ],
123 silly audit   '@babel/helper-remap-async-to-generator': [ '7.18.9' ],
123 silly audit   '@babel/helper-replace-supers': [ '7.19.1' ],
123 silly audit   '@babel/helper-simple-access': [ '7.20.2' ],
123 silly audit   '@babel/helper-skip-transparent-expression-wrappers': [ '7.20.0' ],
123 silly audit   '@babel/helper-split-export-declaration': [ '7.18.6' ],
123 silly audit   '@babel/helper-string-parser': [ '7.19.4' ],
123 silly audit   '@babel/helper-validator-identifier': [ '7.19.1' ],
123 silly audit   '@babel/helper-validator-option': [ '7.18.6' ],
123 silly audit   '@babel/helper-wrap-function': [ '7.19.0' ],
123 silly audit   '@babel/helpers': [ '7.20.1' ],
123 silly audit   '@babel/highlight': [ '7.18.6' ],
123 silly audit   '@babel/parser': [ '7.20.2' ],
123 silly audit   '@babel/plugin-bugfix-safari-id-destructuring-collision-in-function-expression': [ '7.18.6' ],
123 silly audit   '@babel/plugin-bugfix-v8-spread-parameters-in-optional-chaining': [ '7.18.9' ],
123 silly audit   '@babel/plugin-proposal-async-generator-functions': [ '7.20.1' ],
123 silly audit   '@babel/plugin-proposal-class-properties': [ '7.18.6' ],
123 silly audit   '@babel/plugin-proposal-class-static-block': [ '7.18.6' ],
123 silly audit   '@babel/plugin-proposal-decorators': [ '7.20.2' ],
123 silly audit   '@babel/plugin-proposal-dynamic-import': [ '7.18.6' ],
123 silly audit   '@babel/plugin-proposal-export-namespace-from': [ '7.18.9' ],
123 silly audit   '@babel/plugin-proposal-json-strings': [ '7.18.6' ],
123 silly audit   '@babel/plugin-proposal-logical-assignment-operators': [ '7.18.9' ],
123 silly audit   '@babel/plugin-proposal-nullish-coalescing-operator': [ '7.18.6' ],
123 silly audit   '@babel/plugin-proposal-numeric-separator': [ '7.18.6' ],
123 silly audit   '@babel/plugin-proposal-object-rest-spread': [ '7.20.2' ],
123 silly audit   '@babel/plugin-proposal-optional-catch-binding': [ '7.18.6' ],
123 silly audit   '@babel/plugin-proposal-optional-chaining': [ '7.18.9' ],
123 silly audit   '@babel/plugin-proposal-private-methods': [ '7.18.6' ],
123 silly audit   '@babel/plugin-proposal-private-property-in-object': [ '7.18.6' ],
123 silly audit   '@babel/plugin-proposal-unicode-property-regex': [ '7.18.6' ],
123 silly audit   '@babel/plugin-syntax-async-generators': [ '7.8.4' ],
123 silly audit   '@babel/plugin-syntax-bigint': [ '7.8.3' ],
123 silly audit   '@babel/plugin-syntax-class-properties': [ '7.12.13' ],
123 silly audit   '@babel/plugin-syntax-class-static-block': [ '7.14.5' ],
123 silly audit   '@babel/plugin-syntax-decorators': [ '7.19.0' ],
123 silly audit   '@babel/plugin-syntax-dynamic-import': [ '7.8.3' ],
123 silly audit   '@babel/plugin-syntax-export-namespace-from': [ '7.8.3' ],
123 silly audit   '@babel/plugin-syntax-flow': [ '7.18.6' ],
123 silly audit   '@babel/plugin-syntax-import-assertions': [ '7.20.0' ],
123 silly audit   '@babel/plugin-syntax-import-meta': [ '7.10.4' ],
123 silly audit   '@babel/plugin-syntax-json-strings': [ '7.8.3' ],
123 silly audit   '@babel/plugin-syntax-jsx': [ '7.18.6' ],
123 silly audit   '@babel/plugin-syntax-logical-assignment-operators': [ '7.10.4' ],
123 silly audit   '@babel/plugin-syntax-nullish-coalescing-operator': [ '7.8.3' ],
123 silly audit   '@babel/plugin-syntax-numeric-separator': [ '7.10.4' ],
123 silly audit   '@babel/plugin-syntax-object-rest-spread': [ '7.8.3' ],
123 silly audit   '@babel/plugin-syntax-optional-catch-binding': [ '7.8.3' ],
123 silly audit   '@babel/plugin-syntax-optional-chaining': [ '7.8.3' ],
123 silly audit   '@babel/plugin-syntax-private-property-in-object': [ '7.14.5' ],
123 silly audit   '@babel/plugin-syntax-top-level-await': [ '7.14.5' ],
123 silly audit   '@babel/plugin-syntax-typescript': [ '7.20.0' ],
123 silly audit   '@babel/plugin-transform-arrow-functions': [ '7.18.6' ],
123 silly audit   '@babel/plugin-transform-async-to-generator': [ '7.18.6' ],
123 silly audit   '@babel/plugin-transform-block-scoped-functions': [ '7.18.6' ],
123 silly audit   '@babel/plugin-transform-block-scoping': [ '7.20.2' ],
123 silly audit   '@babel/plugin-transform-classes': [ '7.20.2' ],
123 silly audit   '@babel/plugin-transform-computed-properties': [ '7.18.9' ],
123 silly audit   '@babel/plugin-transform-destructuring': [ '7.20.2' ],
123 silly audit   '@babel/plugin-transform-dotall-regex': [ '7.18.6' ],
123 silly audit   '@babel/plugin-transform-duplicate-keys': [ '7.18.9' ],
123 silly audit   '@babel/plugin-transform-exponentiation-operator': [ '7.18.6' ],
123 silly audit   '@babel/plugin-transform-flow-strip-types': [ '7.19.0' ],
123 silly audit   '@babel/plugin-transform-for-of': [ '7.18.8' ],
123 silly audit   '@babel/plugin-transform-function-name': [ '7.18.9' ],
123 silly audit   '@babel/plugin-transform-literals': [ '7.18.9' ],
123 silly audit   '@babel/plugin-transform-member-expression-literals': [ '7.18.6' ],
123 silly audit   '@babel/plugin-transform-modules-amd': [ '7.19.6' ],
123 silly audit   '@babel/plugin-transform-modules-commonjs': [ '7.19.6' ],
123 silly audit   '@babel/plugin-transform-modules-systemjs': [ '7.19.6' ],
123 silly audit   '@babel/plugin-transform-modules-umd': [ '7.18.6' ],
123 silly audit   '@babel/plugin-transform-named-capturing-groups-regex': [ '7.19.1' ],
123 silly audit   '@babel/plugin-transform-new-target': [ '7.18.6' ],
123 silly audit   '@babel/plugin-transform-object-super': [ '7.18.6' ],
123 silly audit   '@babel/plugin-transform-parameters': [ '7.20.1' ],
123 silly audit   '@babel/plugin-transform-property-literals': [ '7.18.6' ],
123 silly audit   '@babel/plugin-transform-react-constant-elements': [ '7.20.2' ],
123 silly audit   '@babel/plugin-transform-react-display-name': [ '7.18.6' ],
123 silly audit   '@babel/plugin-transform-react-jsx': [ '7.19.0' ],
123 silly audit   '@babel/plugin-transform-react-jsx-development': [ '7.18.6' ],
123 silly audit   '@babel/plugin-transform-react-pure-annotations': [ '7.18.6' ],
123 silly audit   '@babel/plugin-transform-regenerator': [ '7.18.6' ],
123 silly audit   '@babel/plugin-transform-reserved-words': [ '7.18.6' ],
123 silly audit   '@babel/plugin-transform-runtime': [ '7.19.6' ],
123 silly audit   '@babel/plugin-transform-shorthand-properties': [ '7.18.6' ],
123 silly audit   '@babel/plugin-transform-spread': [ '7.19.0' ],
123 silly audit   '@babel/plugin-transform-sticky-regex': [ '7.18.6' ],
123 silly audit   '@babel/plugin-transform-template-literals': [ '7.18.9' ],
123 silly audit   '@babel/plugin-transform-typeof-symbol': [ '7.18.9' ],
123 silly audit   '@babel/plugin-transform-typescript': [ '7.20.2' ],
123 silly audit   '@babel/plugin-transform-unicode-escapes': [ '7.18.10' ],
123 silly audit   '@babel/plugin-transform-unicode-regex': [ '7.18.6' ],
123 silly audit   '@babel/preset-env': [ '7.20.2' ],
123 silly audit   '@babel/preset-modules': [ '0.1.5' ],
123 silly audit   '@babel/preset-react': [ '7.18.6' ],
123 silly audit   '@babel/preset-typescript': [ '7.18.6' ],
123 silly audit   '@babel/runtime': [ '7.20.1' ],
123 silly audit   '@babel/runtime-corejs3': [ '7.20.1' ],
123 silly audit   '@babel/template': [ '7.18.10' ],
123 silly audit   '@babel/traverse': [ '7.20.1' ],
123 silly audit   '@babel/types': [ '7.20.2' ],
123 silly audit   '@bcoe/v8-coverage': [ '0.2.3' ],
123 silly audit   '@csstools/normalize.css': [ '12.0.0' ],
123 silly audit   '@csstools/postcss-cascade-layers': [ '1.1.1' ],
123 silly audit   '@csstools/postcss-color-function': [ '1.1.1' ],
123 silly audit   '@csstools/postcss-font-format-keywords': [ '1.0.1' ],
123 silly audit   '@csstools/postcss-hwb-function': [ '1.0.2' ],
123 silly audit   '@csstools/postcss-ic-unit': [ '1.0.1' ],
123 silly audit   '@csstools/postcss-is-pseudo-class': [ '2.0.7' ],
123 silly audit   '@csstools/postcss-nested-calc': [ '1.0.0' ],
123 silly audit   '@csstools/postcss-normalize-display-values': [ '1.0.1' ],
123 silly audit   '@csstools/postcss-oklab-function': [ '1.1.1' ],
123 silly audit   '@csstools/postcss-progressive-custom-properties': [ '1.3.0' ],
123 silly audit   '@csstools/postcss-stepped-value-functions': [ '1.0.1' ],
123 silly audit   '@csstools/postcss-text-decoration-shorthand': [ '1.0.0' ],
123 silly audit   '@csstools/postcss-trigonometric-functions': [ '1.0.2' ],
123 silly audit   '@csstools/postcss-unset-value': [ '1.0.2' ],
123 silly audit   '@csstools/selector-specificity': [ '2.0.2' ],
123 silly audit   '@eslint/eslintrc': [ '1.3.3' ],
123 silly audit   argparse: [ '2.0.1', '1.0.10' ],
123 silly audit   globals: [ '13.17.0', '11.12.0' ],
123 silly audit   'js-yaml': [ '4.1.0', '3.14.1' ],
123 silly audit   'type-fest': [ '0.20.2', '0.16.0', '0.21.3' ],
123 silly audit   '@humanwhocodes/config-array': [ '0.11.7' ],
123 silly audit   '@humanwhocodes/module-importer': [ '1.0.1' ],
123 silly audit   '@humanwhocodes/object-schema': [ '1.2.1' ],
123 silly audit   '@istanbuljs/load-nyc-config': [ '1.1.0' ],
123 silly audit   camelcase: [ '5.3.1', '6.3.0' ],
123 silly audit   'find-up': [ '4.1.0', '5.0.0', '3.0.0' ],
123 silly audit   'locate-path': [ '5.0.0', '6.0.0', '3.0.0' ],
123 silly audit   'p-limit': [ '2.3.0', '3.1.0' ],
123 silly audit   'p-locate': [ '4.1.0', '5.0.0', '3.0.0' ],
123 silly audit   '@istanbuljs/schema': [ '0.1.3' ],
123 silly audit   '@jest/console': [ '27.5.1', '28.1.3' ],
123 silly audit   'ansi-styles': [ '4.3.0', '5.2.0', '3.2.1' ],
123 silly audit   chalk: [ '4.1.2', '3.0.0', '2.4.2' ],
123 silly audit   'color-convert': [ '2.0.1', '1.9.3' ],
123 silly audit   'color-name': [ '1.1.4', '1.1.3' ],
123 silly audit   'has-flag': [ '4.0.0', '3.0.0' ],
123 silly audit   'supports-color': [ '7.2.0', '8.1.1', '5.5.0' ],
123 silly audit   '@jest/core': [ '27.5.1' ],
123 silly audit   '@jest/environment': [ '27.5.1' ],
123 silly audit   '@jest/expect-utils': [ '29.2.2' ],
123 silly audit   'jest-get-type': [ '29.2.0', '27.5.1' ],
123 silly audit   '@jest/fake-timers': [ '27.5.1' ],
123 silly audit   '@jest/globals': [ '27.5.1' ],
123 silly audit   '@jest/reporters': [ '27.5.1' ],
123 silly audit   'source-map': [ '0.6.1', '0.7.4', '0.8.0-beta.0' ],
123 silly audit   '@jest/schemas': [ '28.1.3', '29.0.0' ],
123 silly audit   '@jest/source-map': [ '27.5.1' ],
123 silly audit   '@jest/test-result': [ '27.5.1', '28.1.3' ],
123 silly audit   '@jest/test-sequencer': [ '27.5.1' ],
123 silly audit   '@jest/transform': [ '27.5.1' ],
123 silly audit   '@jest/types': [ '27.5.1', '29.2.1', '28.1.3' ],
123 silly audit   '@jridgewell/resolve-uri': [ '3.1.0' ],
123 silly audit   '@jridgewell/set-array': [ '1.1.2' ],
123 silly audit   '@jridgewell/source-map': [ '0.3.2' ],
123 silly audit   '@jridgewell/sourcemap-codec': [ '1.4.14' ],
123 silly audit   '@jridgewell/trace-mapping': [ '0.3.17' ],
123 silly audit   '@leichtgewicht/ip-codec': [ '2.0.4' ],
123 silly audit   '@nicolo-ribaudo/eslint-scope-5-internals': [ '5.1.1-v1' ],
123 silly audit   'eslint-scope': [ '5.1.1', '7.1.1' ],
123 silly audit   estraverse: [ '4.3.0', '5.3.0' ],
123 silly audit   '@nodelib/fs.scandir': [ '2.1.5' ],
123 silly audit   '@nodelib/fs.stat': [ '2.0.5' ],
123 silly audit   '@nodelib/fs.walk': [ '1.2.8' ],
123 silly audit   '@pmmmwh/react-refresh-webpack-plugin': [ '0.5.8' ],
123 silly audit   '@popperjs/core': [ '2.11.6' ],
123 silly audit   '@react-aria/ssr': [ '3.3.0' ],
123 silly audit   '@remix-run/router': [ '1.0.3' ],
123 silly audit   '@restart/hooks': [ '0.4.7' ],
123 silly audit   '@restart/ui': [ '1.4.0' ],
123 silly audit   '@rollup/plugin-babel': [ '5.3.1' ],
123 silly audit   '@rollup/plugin-node-resolve': [ '11.2.1' ],
123 silly audit   '@rollup/plugin-replace': [ '2.4.2' ],
123 silly audit   '@rollup/pluginutils': [ '3.1.0' ],
123 silly audit   '@types/estree': [ '0.0.39', '1.0.0', '0.0.51' ],
123 silly audit   '@rushstack/eslint-patch': [ '1.2.0' ],
123 silly audit   '@sinclair/typebox': [ '0.24.51' ],
123 silly audit   '@sinonjs/commons': [ '1.8.4' ],
123 silly audit   '@sinonjs/fake-timers': [ '8.1.0' ],
123 silly audit   '@surma/rollup-plugin-off-main-thread': [ '2.2.3' ],
123 silly audit   '@svgr/babel-plugin-add-jsx-attribute': [ '5.4.0' ],
123 silly audit   '@svgr/babel-plugin-remove-jsx-attribute': [ '5.4.0' ],
123 silly audit   '@svgr/babel-plugin-remove-jsx-empty-expression': [ '5.0.1' ],
123 silly audit   '@svgr/babel-plugin-replace-jsx-attribute-value': [ '5.0.1' ],
123 silly audit   '@svgr/babel-plugin-svg-dynamic-title': [ '5.4.0' ],
123 silly audit   '@svgr/babel-plugin-svg-em-dimensions': [ '5.4.0' ],
123 silly audit   '@svgr/babel-plugin-transform-react-native-svg': [ '5.4.0' ],
123 silly audit   '@svgr/babel-plugin-transform-svg-component': [ '5.5.0' ],
123 silly audit   '@svgr/babel-preset': [ '5.5.0' ],
123 silly audit   '@svgr/core': [ '5.5.0' ],
123 silly audit   '@svgr/hast-util-to-babel-ast': [ '5.5.0' ],
123 silly audit   '@svgr/plugin-jsx': [ '5.5.0' ],
123 silly audit   '@svgr/plugin-svgo': [ '5.5.0' ],
123 silly audit   '@svgr/webpack': [ '5.5.0' ],
123 silly audit   '@testing-library/dom': [ '8.19.0' ],
123 silly audit   'aria-query': [ '5.1.3', '4.2.2' ],
123 silly audit   '@testing-library/jest-dom': [ '5.16.5' ],
123 silly audit   '@testing-library/react': [ '13.4.0' ],
123 silly audit   '@testing-library/user-event': [ '13.5.0' ],
123 silly audit   '@tootallnate/once': [ '1.1.2' ],
123 silly audit   '@trysound/sax': [ '0.2.0' ],
123 silly audit   '@types/aria-query': [ '4.2.2' ],
123 silly audit   '@types/babel__core': [ '7.1.19' ],
123 silly audit   '@types/babel__generator': [ '7.6.4' ],
123 silly audit   '@types/babel__template': [ '7.4.1' ],
123 silly audit   '@types/babel__traverse': [ '7.18.2' ],
123 silly audit   '@types/body-parser': [ '1.19.2' ],
123 silly audit   '@types/bonjour': [ '3.5.10' ],
123 silly audit   '@types/connect': [ '3.4.35' ],
123 silly audit   '@types/connect-history-api-fallback': [ '1.3.5' ],
123 silly audit   '@types/eslint': [ '8.4.10' ],
123 silly audit   '@types/eslint-scope': [ '3.7.4' ],
123 silly audit   '@types/express': [ '4.17.14' ],
123 silly audit   '@types/express-serve-static-core': [ '4.17.31' ],
123 silly audit   '@types/graceful-fs': [ '4.1.5' ],
123 silly audit   '@types/html-minifier-terser': [ '6.1.0' ],
123 silly audit   '@types/http-proxy': [ '1.17.9' ],
123 silly audit   '@types/istanbul-lib-coverage': [ '2.0.4' ],
123 silly audit   '@types/istanbul-lib-report': [ '3.0.0' ],
123 silly audit   '@types/istanbul-reports': [ '3.0.1' ],
123 silly audit   '@types/jest': [ '29.2.2' ],
123 silly audit   '@types/yargs': [ '17.0.13', '16.0.4' ],
123 silly audit   'diff-sequences': [ '29.2.0', '27.5.1' ],
123 silly audit   expect: [ '29.2.2', '27.5.1' ],
123 silly audit   'jest-diff': [ '29.2.1', '27.5.1' ],
123 silly audit   'jest-matcher-utils': [ '29.2.2', '27.5.1' ],
123 silly audit   'jest-message-util': [ '29.2.1', '27.5.1', '28.1.3' ],
123 silly audit   'jest-util': [ '29.2.1', '27.5.1', '28.1.3' ],
123 silly audit   'pretty-format': [ '29.2.1', '28.1.3', '27.5.1' ],
123 silly audit   'react-is': [ '18.2.0', '16.13.1', '17.0.2' ],
123 silly audit   '@types/json-schema': [ '7.0.11' ],
123 silly audit   '@types/json5': [ '0.0.29' ],
123 silly audit   '@types/mime': [ '3.0.1' ],
123 silly audit   '@types/node': [ '18.11.9' ],
123 silly audit   '@types/parse-json': [ '4.0.0' ],
123 silly audit   '@types/prettier': [ '2.7.1' ],
123 silly audit   '@types/prop-types': [ '15.7.5' ],
123 silly audit   '@types/q': [ '1.5.5' ],
123 silly audit   '@types/qs': [ '6.9.7' ],
123 silly audit   '@types/range-parser': [ '1.2.4' ],
123 silly audit   '@types/react': [ '18.0.25' ],
123 silly audit   '@types/react-dom': [ '18.0.8' ],
123 silly audit   '@types/react-transition-group': [ '4.4.5' ],
123 silly audit   '@types/resolve': [ '1.17.1' ],
123 silly audit   '@types/retry': [ '0.12.0' ],
123 silly audit   '@types/scheduler': [ '0.16.2' ],
123 silly audit   '@types/semver': [ '7.3.13' ],
123 silly audit   '@types/serve-index': [ '1.9.1' ],
123 silly audit   '@types/serve-static': [ '1.15.0' ],
123 silly audit   '@types/sockjs': [ '0.3.33' ],
123 silly audit   '@types/stack-utils': [ '2.0.1' ],
123 silly audit   '@types/testing-library__jest-dom': [ '5.14.5' ],
123 silly audit   '@types/trusted-types': [ '2.0.2' ],
123 silly audit   '@types/warning': [ '3.0.0' ],
123 silly audit   '@types/ws': [ '8.5.3' ],
123 silly audit   '@types/yargs-parser': [ '21.0.0' ],
123 silly audit   '@typescript-eslint/eslint-plugin': [ '5.42.0' ],
123 silly audit   '@typescript-eslint/experimental-utils': [ '5.42.0' ],
123 silly audit   '@typescript-eslint/parser': [ '5.42.0' ],
123 silly audit   '@typescript-eslint/scope-manager': [ '5.42.0' ],
123 silly audit   '@typescript-eslint/type-utils': [ '5.42.0' ],
123 silly audit   '@typescript-eslint/types': [ '5.42.0' ],
123 silly audit   '@typescript-eslint/typescript-estree': [ '5.42.0' ],
123 silly audit   '@typescript-eslint/utils': [ '5.42.0' ],
123 silly audit   '@typescript-eslint/visitor-keys': [ '5.42.0' ],
123 silly audit   '@webassemblyjs/ast': [ '1.11.1' ],
123 silly audit   '@webassemblyjs/floating-point-hex-parser': [ '1.11.1' ],
123 silly audit   '@webassemblyjs/helper-api-error': [ '1.11.1' ],
123 silly audit   '@webassemblyjs/helper-buffer': [ '1.11.1' ],
123 silly audit   '@webassemblyjs/helper-numbers': [ '1.11.1' ],
123 silly audit   '@webassemblyjs/helper-wasm-bytecode': [ '1.11.1' ],
123 silly audit   '@webassemblyjs/helper-wasm-section': [ '1.11.1' ],
123 silly audit   '@webassemblyjs/ieee754': [ '1.11.1' ],
123 silly audit   '@webassemblyjs/leb128': [ '1.11.1' ],
123 silly audit   '@webassemblyjs/utf8': [ '1.11.1' ],
123 silly audit   '@webassemblyjs/wasm-edit': [ '1.11.1' ],
123 silly audit   '@webassemblyjs/wasm-gen': [ '1.11.1' ],
123 silly audit   '@webassemblyjs/wasm-opt': [ '1.11.1' ],
123 silly audit   '@webassemblyjs/wasm-parser': [ '1.11.1' ],
123 silly audit   '@webassemblyjs/wast-printer': [ '1.11.1' ],
123 silly audit   '@xtuc/ieee754': [ '1.2.0' ],
123 silly audit   '@xtuc/long': [ '4.2.2' ],
123 silly audit   abab: [ '2.0.6' ],
123 silly audit   accepts: [ '1.3.8' ],
123 silly audit   acorn: [ '8.8.1', '7.4.1' ],
123 silly audit   'acorn-globals': [ '6.0.0' ],
123 silly audit   'acorn-import-assertions': [ '1.8.0' ],
123 silly audit   'acorn-jsx': [ '5.3.2' ],
123 silly audit   'acorn-node': [ '1.8.2' ],
123 silly audit   'acorn-walk': [ '7.2.0' ],
123 silly audit   address: [ '1.2.1' ],
123 silly audit   'adjust-sourcemap-loader': [ '4.0.0' ],
123 silly audit   'agent-base': [ '6.0.2' ],
123 silly audit   ajv: [ '6.12.6', '8.11.0' ],
123 silly audit   'ajv-formats': [ '2.1.1' ],
123 silly audit   'json-schema-traverse': [ '1.0.0', '0.4.1' ],
123 silly audit   'ajv-keywords': [ '3.5.2', '5.1.0' ],
123 silly audit   'ansi-escapes': [ '4.3.2' ],
123 silly audit   'ansi-html-community': [ '0.0.8' ],
123 silly audit   'ansi-regex': [ '5.0.1', '6.0.1' ],
123 silly audit   anymatch: [ '3.1.2' ],
123 silly audit   arg: [ '5.0.2' ],
123 silly audit   'array-flatten': [ '2.1.2', '1.1.1' ],
123 silly audit   'array-includes': [ '3.1.5' ],
123 silly audit   'array-union': [ '2.1.0' ],
123 silly audit   'array.prototype.flat': [ '1.3.1' ],
123 silly audit   'array.prototype.flatmap': [ '1.3.1' ],
123 silly audit   'array.prototype.reduce': [ '1.0.5' ],
123 silly audit   asap: [ '2.0.6' ],
123 silly audit   'ast-types-flow': [ '0.0.7' ],
123 silly audit   async: [ '3.2.4' ],
123 silly audit   asynckit: [ '0.4.0' ],
123 silly audit   'at-least-node': [ '1.0.0' ],
123 silly audit   autoprefixer: [ '10.4.13' ],
123 silly audit   'available-typed-arrays': [ '1.0.5' ],
123 silly audit   'axe-core': [ '4.5.1' ],
123 silly audit   'axobject-query': [ '2.2.0' ],
123 silly audit   'babel-jest': [ '27.5.1' ],
123 silly audit   'babel-loader': [ '8.3.0' ],
123 silly audit   'schema-utils': [ '2.7.1', '4.0.0', '2.7.0', '3.1.1' ],
123 silly audit   'babel-plugin-istanbul': [ '6.1.1' ],
123 silly audit   'babel-plugin-jest-hoist': [ '27.5.1' ],
123 silly audit   'babel-plugin-macros': [ '3.1.0' ],
123 silly audit   'babel-plugin-named-asset-import': [ '0.3.8' ],
123 silly audit   'babel-plugin-polyfill-corejs2': [ '0.3.3' ],
123 silly audit   'babel-plugin-polyfill-corejs3': [ '0.6.0' ],
123 silly audit   'babel-plugin-polyfill-regenerator': [ '0.4.1' ],
123 silly audit   'babel-plugin-transform-react-remove-prop-types': [ '0.4.24' ],
123 silly audit   'babel-preset-current-node-syntax': [ '1.0.1' ],
123 silly audit   'babel-preset-jest': [ '27.5.1' ],
123 silly audit   'babel-preset-react-app': [ '10.0.1' ],
123 silly audit   'balanced-match': [ '1.0.2' ],
123 silly audit   batch: [ '0.6.1' ],
123 silly audit   bfj: [ '7.0.2' ],
123 silly audit   'big.js': [ '5.2.2' ],
123 silly audit   'binary-extensions': [ '2.2.0' ],
123 silly audit   bluebird: [ '3.7.2' ],
123 silly audit   'body-parser': [ '1.20.1' ],
123 silly audit   bytes: [ '3.1.2', '3.0.0' ],
123 silly audit   debug: [ '2.6.9', '4.3.4', '3.2.7' ],
123 silly audit   'iconv-lite': [ '0.4.24', '0.6.3' ],
123 silly audit   ms: [ '2.0.0', '2.1.2', '2.1.3' ],
123 silly audit   'bonjour-service': [ '1.0.14' ],
123 silly audit   boolbase: [ '1.0.0' ],
123 silly audit   bootstrap: [ '5.2.2' ],
123 silly audit   'brace-expansion': [ '1.1.11', '2.0.1' ],
123 silly audit   braces: [ '3.0.2' ],
123 silly audit   'browser-process-hrtime': [ '1.0.0' ],
123 silly audit   browserslist: [ '4.21.4' ],
123 silly audit   bser: [ '2.1.1' ],
123 silly audit   'buffer-from': [ '1.1.2' ],
123 silly audit   'builtin-modules': [ '3.3.0' ],
123 silly audit   'call-bind': [ '1.0.2' ],
123 silly audit   callsites: [ '3.1.0' ],
123 silly audit   'camel-case': [ '4.1.2' ],
123 silly audit   'camelcase-css': [ '2.0.1' ],
123 silly audit   'caniuse-api': [ '3.0.0' ],
123 silly audit   'caniuse-lite': [ '1.0.30001430' ],
123 silly audit   'case-sensitive-paths-webpack-plugin': [ '2.4.0' ],
123 silly audit   'char-regex': [ '1.0.2', '2.0.1' ],
123 silly audit   'check-types': [ '11.1.2' ],
123 silly audit   chokidar: [ '3.5.3' ],
123 silly audit   'glob-parent': [ '5.1.2', '6.0.2' ],
123 silly audit   'chrome-trace-event': [ '1.0.3' ],
123 silly audit   'ci-info': [ '3.5.0' ],
123 silly audit   'cjs-module-lexer': [ '1.2.2' ],
123 silly audit   classnames: [ '2.3.2' ],
123 silly audit   'clean-css': [ '5.3.1' ],
123 silly audit   cliui: [ '7.0.4' ],
123 silly audit   co: [ '4.6.0' ],
123 silly audit   coa: [ '2.0.2' ],
123 silly audit   'collect-v8-coverage': [ '1.0.1' ],
123 silly audit   colord: [ '2.9.3' ],
123 silly audit   colorette: [ '2.0.19' ],
123 silly audit   'combined-stream': [ '1.0.8' ],
123 silly audit   commander: [ '8.3.0', '7.2.0', '2.20.3' ],
123 silly audit   'common-path-prefix': [ '3.0.0' ],
123 silly audit   'common-tags': [ '1.8.2' ],
123 silly audit   commondir: [ '1.0.1' ],
123 silly audit   compressible: [ '2.0.18' ],
123 silly audit   compression: [ '1.7.4' ],
123 silly audit   'safe-buffer': [ '5.1.2', '5.2.1' ],
123 silly audit   'concat-map': [ '0.0.1' ],
123 silly audit   'confusing-browser-globals': [ '1.0.11' ],
123 silly audit   'connect-history-api-fallback': [ '2.0.0' ],
123 silly audit   'content-disposition': [ '0.5.4' ],
123 silly audit   'content-type': [ '1.0.4' ],
123 silly audit   'convert-source-map': [ '1.9.0' ],
123 silly audit   cookie: [ '0.5.0' ],
123 silly audit   'cookie-signature': [ '1.0.6' ],
123 silly audit   'core-js': [ '3.26.0' ],
123 silly audit   'core-js-compat': [ '3.26.0' ],
123 silly audit   'core-js-pure': [ '3.26.0' ],
123 silly audit   'core-util-is': [ '1.0.3' ],
123 silly audit   cosmiconfig: [ '7.0.1', '6.0.0' ],
123 silly audit   'cross-spawn': [ '7.0.3' ],
123 silly audit   'crypto-random-string': [ '2.0.0' ],
123 silly audit   'css-blank-pseudo': [ '3.0.3' ],
123 silly audit   'css-declaration-sorter': [ '6.3.1' ],
123 silly audit   'css-has-pseudo': [ '3.0.4' ],
123 silly audit   'css-loader': [ '6.7.1' ],
123 silly audit   'css-minimizer-webpack-plugin': [ '3.4.1' ],
123 silly audit   'css-prefers-color-scheme': [ '6.0.3' ],
123 silly audit   'css-select': [ '4.3.0', '2.1.0' ],
123 silly audit   'css-select-base-adapter': [ '0.1.1' ],
123 silly audit   'css-tree': [ '1.0.0-alpha.37', '1.1.3' ],
123 silly audit   'css-what': [ '6.1.0', '3.4.2' ],
123 silly audit   'css.escape': [ '1.5.1' ],
123 silly audit   cssdb: [ '7.1.0' ],
123 silly audit   cssesc: [ '3.0.0' ],
123 silly audit   cssnano: [ '5.1.14' ],
123 silly audit   'cssnano-preset-default': [ '5.2.13' ],
123 silly audit   'cssnano-utils': [ '3.1.0' ],
123 silly audit   csso: [ '4.2.0' ],
123 silly audit   'mdn-data': [ '2.0.14', '2.0.4' ],
123 silly audit   cssom: [ '0.4.4', '0.3.8' ],
123 silly audit   cssstyle: [ '2.3.0' ],
123 silly audit   csstype: [ '3.1.1' ],
123 silly audit   'damerau-levenshtein': [ '1.0.8' ],
123 silly audit   'data-urls': [ '2.0.0' ],
123 silly audit   'decimal.js': [ '10.4.2' ],
123 silly audit   dedent: [ '0.7.0' ],
123 silly audit   'deep-equal': [ '2.1.0' ],
123 silly audit   isarray: [ '2.0.5', '1.0.0' ],
123 silly audit   'deep-is': [ '0.1.4' ],
123 silly audit   deepmerge: [ '4.2.2' ],
123 silly audit   'default-gateway': [ '6.0.3' ],
123 silly audit   'define-lazy-prop': [ '2.0.0' ],
123 silly audit   'define-properties': [ '1.1.4' ],
123 silly audit   defined: [ '1.0.1' ],
123 silly audit   'delayed-stream': [ '1.0.0' ],
123 silly audit   depd: [ '2.0.0', '1.1.2' ],
123 silly audit   dequal: [ '2.0.3' ],
123 silly audit   destroy: [ '1.2.0' ],
123 silly audit   'detect-newline': [ '3.1.0' ],
123 silly audit   'detect-node': [ '2.1.0' ],
123 silly audit   'detect-port-alt': [ '1.1.6' ],
123 silly audit   detective: [ '5.2.1' ],
123 silly audit   didyoumean: [ '1.2.2' ],
123 silly audit   'dir-glob': [ '3.0.1' ],
123 silly audit   dlv: [ '1.1.3' ],
123 silly audit   'dns-equal': [ '1.0.0' ],
123 silly audit   'dns-packet': [ '5.4.0' ],
123 silly audit   doctrine: [ '3.0.0', '2.1.0' ],
123 silly audit   'dom-accessibility-api': [ '0.5.14' ],
123 silly audit   'dom-converter': [ '0.2.0' ],
123 silly audit   'dom-helpers': [ '5.2.1' ],
123 silly audit   'dom-serializer': [ '1.4.1', '0.2.2' ],
123 silly audit   domelementtype: [ '2.3.0', '1.3.1' ],
123 silly audit   domexception: [ '2.0.1' ],
123 silly audit   'webidl-conversions': [ '5.0.0', '6.1.0', '4.0.2' ],
123 silly audit   domhandler: [ '4.3.1' ],
123 silly audit   domutils: [ '2.8.0', '1.7.0' ],
123 silly audit   'dot-case': [ '3.0.4' ],
123 silly audit   dotenv: [ '10.0.0' ],
123 silly audit   'dotenv-expand': [ '5.1.0' ],
123 silly audit   duplexer: [ '0.1.2' ],
123 silly audit   'ee-first': [ '1.1.1' ],
123 silly audit   ejs: [ '3.1.8' ],
123 silly audit   'electron-to-chromium': [ '1.4.284' ],
123 silly audit   emittery: [ '0.8.1', '0.10.2' ],
123 silly audit   'emoji-regex': [ '9.2.2', '8.0.0' ],
123 silly audit   'emojis-list': [ '3.0.0' ],
123 silly audit   encodeurl: [ '1.0.2' ],
123 silly audit   'enhanced-resolve': [ '5.10.0' ],
123 silly audit   entities: [ '2.2.0' ],
123 silly audit   'error-ex': [ '1.3.2' ],
123 silly audit   'error-stack-parser': [ '2.1.4' ],
123 silly audit   'es-abstract': [ '1.20.4' ],
123 silly audit   'es-array-method-boxes-properly': [ '1.0.0' ],
123 silly audit   'es-get-iterator': [ '1.1.2' ],
123 silly audit   'es-module-lexer': [ '0.9.3' ],
123 silly audit   'es-shim-unscopables': [ '1.0.0' ],
123 silly audit   'es-to-primitive': [ '1.2.1' ],
123 silly audit   escalade: [ '3.1.1' ],
123 silly audit   'escape-html': [ '1.0.3' ],
123 silly audit   'escape-string-regexp': [ '1.0.5', '4.0.0', '2.0.0' ],
123 silly audit   escodegen: [ '2.0.0' ],
123 silly audit   levn: [ '0.3.0', '0.4.1' ],
123 silly audit   optionator: [ '0.8.3', '0.9.1' ],
123 silly audit   'prelude-ls': [ '1.1.2', '1.2.1' ],
123 silly audit   'type-check': [ '0.3.2', '0.4.0' ],
123 silly audit   eslint: [ '8.26.0' ],
123 silly audit   'eslint-config-react-app': [ '7.0.1' ],
123 silly audit   'eslint-import-resolver-node': [ '0.3.6' ],
123 silly audit   'eslint-module-utils': [ '2.7.4' ],
123 silly audit   'eslint-plugin-flowtype': [ '8.0.3' ],
123 silly audit   'eslint-plugin-import': [ '2.26.0' ],
123 silly audit   'eslint-plugin-jest': [ '25.7.0' ],
123 silly audit   'eslint-plugin-jsx-a11y': [ '6.6.1' ],
123 silly audit   'eslint-plugin-react': [ '7.31.10' ],
123 silly audit   'eslint-plugin-react-hooks': [ '4.6.0' ],
123 silly audit   resolve: [ '2.0.0-next.4', '1.22.1' ],
123 silly audit   'eslint-plugin-testing-library': [ '5.9.1' ],
123 silly audit   'eslint-utils': [ '3.0.0' ],
123 silly audit   'eslint-webpack-plugin': [ '3.2.0' ],
123 silly audit   'jest-worker': [ '28.1.3', '27.5.1', '26.6.2' ],
123 silly audit   espree: [ '9.4.0' ],
123 silly audit   esprima: [ '4.0.1' ],
123 silly audit   esquery: [ '1.4.0' ],
123 silly audit   esrecurse: [ '4.3.0' ],
123 silly audit   'estree-walker': [ '1.0.1' ],
123 silly audit   esutils: [ '2.0.3' ],
123 silly audit   etag: [ '1.8.1' ],
123 silly audit   eventemitter3: [ '4.0.7' ],
123 silly audit   events: [ '3.3.0' ],
123 silly audit   execa: [ '5.1.1' ],
123 silly audit   exit: [ '0.1.2' ],
123 silly audit   express: [ '4.18.2' ],
123 silly audit   'fast-deep-equal': [ '3.1.3' ],
123 silly audit   'fast-glob': [ '3.2.12' ],
123 silly audit   'fast-json-stable-stringify': [ '2.1.0' ],
123 silly audit   'fast-levenshtein': [ '2.0.6' ],
123 silly audit   fastq: [ '1.13.0' ],
123 silly audit   'faye-websocket': [ '0.11.4' ],
123 silly audit   'fb-watchman': [ '2.0.2' ],
123 silly audit   'file-entry-cache': [ '6.0.1' ],
123 silly audit   'file-loader': [ '6.2.0' ],
123 silly audit   filelist: [ '1.0.4' ],
123 silly audit   minimatch: [ '5.1.0', '3.1.2' ],
123 silly audit   filesize: [ '8.0.7' ],
123 silly audit   'fill-range': [ '7.0.1' ],
123 silly audit   finalhandler: [ '1.2.0' ],
123 silly audit   'find-cache-dir': [ '3.3.2' ],
123 silly audit   'flat-cache': [ '3.0.4' ],
123 silly audit   flatted: [ '3.2.7' ],
123 silly audit   'follow-redirects': [ '1.15.2' ],
123 silly audit   'for-each': [ '0.3.3' ],
123 silly audit   'fork-ts-checker-webpack-plugin': [ '6.5.2' ],
123 silly audit   'fs-extra': [ '9.1.0', '10.1.0' ],
123 silly audit   tapable: [ '1.1.3', '2.2.1' ],
123 silly audit   'form-data': [ '3.0.1' ],
123 silly audit   forwarded: [ '0.2.0' ],
123 silly audit   'fraction.js': [ '4.2.0' ],
123 silly audit   fresh: [ '0.5.2' ],
123 silly audit   'fs-monkey': [ '1.0.3' ],
123 silly audit   'fs.realpath': [ '1.0.0' ],
123 silly audit   fsevents: [ '2.3.2' ],
123 silly audit   'function-bind': [ '1.1.1' ],
123 silly audit   'function.prototype.name': [ '1.1.5' ],
123 silly audit   'functions-have-names': [ '1.2.3' ],
123 silly audit   gensync: [ '1.0.0-beta.2' ],
123 silly audit   'get-caller-file': [ '2.0.5' ],
123 silly audit   'get-intrinsic': [ '1.1.3' ],
123 silly audit   'get-own-enumerable-property-symbols': [ '3.0.2' ],
123 silly audit   'get-package-type': [ '0.1.0' ],
123 silly audit   'get-stream': [ '6.0.1' ],
123 silly audit   'get-symbol-description': [ '1.0.0' ],
123 silly audit   glob: [ '7.2.3' ],
123 silly audit   'glob-to-regexp': [ '0.4.1' ],
123 silly audit   'global-modules': [ '2.0.0' ],
123 silly audit   'global-prefix': [ '3.0.0' ],
123 silly audit   which: [ '1.3.1', '2.0.2' ],
123 silly audit   globby: [ '11.1.0' ],
123 silly audit   gopd: [ '1.0.1' ],
123 silly audit   'graceful-fs': [ '4.2.10' ],
123 silly audit   'grapheme-splitter': [ '1.0.4' ],
123 silly audit   'gzip-size': [ '6.0.0' ],
123 silly audit   'handle-thing': [ '2.0.1' ],
123 silly audit   'harmony-reflect': [ '1.6.2' ],
123 silly audit   has: [ '1.0.3' ],
123 silly audit   'has-bigints': [ '1.0.2' ],
123 silly audit   'has-property-descriptors': [ '1.0.0' ],
123 silly audit   'has-symbols': [ '1.0.3' ],
123 silly audit   'has-tostringtag': [ '1.0.0' ],
123 silly audit   he: [ '1.2.0' ],
123 silly audit   hoopy: [ '0.1.4' ],
123 silly audit   'hpack.js': [ '2.1.6' ],
123 silly audit   'readable-stream': [ '2.3.7', '3.6.0' ],
123 silly audit   string_decoder: [ '1.1.1', '1.3.0' ],
123 silly audit   'html-encoding-sniffer': [ '2.0.1' ],
123 silly audit   'html-entities': [ '2.3.3' ],
123 silly audit   'html-escaper': [ '2.0.2' ],
123 silly audit   'html-minifier-terser': [ '6.1.0' ],
123 silly audit   'html-webpack-plugin': [ '5.5.0' ],
123 silly audit   htmlparser2: [ '6.1.0' ],
123 silly audit   'http-deceiver': [ '1.2.7' ],
123 silly audit   'http-errors': [ '2.0.0', '1.6.3' ],
123 silly audit   'http-parser-js': [ '0.5.8' ],
123 silly audit   'http-proxy': [ '1.18.1' ],
123 silly audit   'http-proxy-agent': [ '4.0.1' ],
123 silly audit   'http-proxy-middleware': [ '2.0.6' ],
123 silly audit   'https-proxy-agent': [ '5.0.1' ],
123 silly audit   'human-signals': [ '2.1.0' ],
123 silly audit   'icss-utils': [ '5.1.0' ],
123 silly audit   idb: [ '7.1.1' ],
123 silly audit   'identity-obj-proxy': [ '3.0.0' ],
123 silly audit   ignore: [ '5.2.0' ],
123 silly audit   immer: [ '9.0.16' ],
123 silly audit   'import-fresh': [ '3.3.0' ],
123 silly audit   'resolve-from': [ '4.0.0', '5.0.0' ],
123 silly audit   'import-local': [ '3.1.0' ],
123 silly audit   imurmurhash: [ '0.1.4' ],
123 silly audit   'indent-string': [ '4.0.0' ],
123 silly audit   inflight: [ '1.0.6' ],
123 silly audit   inherits: [ '2.0.4', '2.0.3' ],
123 silly audit   ini: [ '1.3.8' ],
123 silly audit   'internal-slot': [ '1.0.3' ],
123 silly audit   invariant: [ '2.2.4' ],
123 silly audit   'ipaddr.js': [ '2.0.1', '1.9.1' ],
123 silly audit   'is-arguments': [ '1.1.1' ],
123 silly audit   'is-arrayish': [ '0.2.1' ],
123 silly audit   'is-bigint': [ '1.0.4' ],
123 silly audit   'is-binary-path': [ '2.1.0' ],
123 silly audit   'is-boolean-object': [ '1.1.2' ],
123 silly audit   'is-callable': [ '1.2.7' ],
123 silly audit   'is-core-module': [ '2.11.0' ],
123 silly audit   'is-date-object': [ '1.0.5' ],
123 silly audit   'is-docker': [ '2.2.1' ],
123 silly audit   'is-extglob': [ '2.1.1' ],
123 silly audit   'is-fullwidth-code-point': [ '3.0.0' ],
123 silly audit   'is-generator-fn': [ '2.1.0' ],
123 silly audit   'is-glob': [ '4.0.3' ],
123 silly audit   'is-map': [ '2.0.2' ],
123 silly audit   'is-module': [ '1.0.0' ],
123 silly audit   'is-negative-zero': [ '2.0.2' ],
123 silly audit   'is-number': [ '7.0.0' ],
123 silly audit   'is-number-object': [ '1.0.7' ],
123 silly audit   'is-obj': [ '1.0.1' ],
123 silly audit   'is-path-inside': [ '3.0.3' ],
123 silly audit   'is-plain-obj': [ '3.0.0' ],
123 silly audit   'is-potential-custom-element-name': [ '1.0.1' ],
123 silly audit   'is-regex': [ '1.1.4' ],
123 silly audit   'is-regexp': [ '1.0.0' ],
123 silly audit   'is-root': [ '2.1.0' ],
123 silly audit   'is-set': [ '2.0.2' ],
123 silly audit   'is-shared-array-buffer': [ '1.0.2' ],
123 silly audit   'is-stream': [ '2.0.1' ],
123 silly audit   'is-string': [ '1.0.7' ],
123 silly audit   'is-symbol': [ '1.0.4' ],
123 silly audit   'is-typed-array': [ '1.1.10' ],
123 silly audit   'is-typedarray': [ '1.0.0' ],
123 silly audit   'is-weakmap': [ '2.0.1' ],
123 silly audit   'is-weakref': [ '1.0.2' ],
123 silly audit   'is-weakset': [ '2.0.2' ],
123 silly audit   'is-wsl': [ '2.2.0' ],
123 silly audit   isexe: [ '2.0.0' ],
123 silly audit   'istanbul-lib-coverage': [ '3.2.0' ],
123 silly audit   'istanbul-lib-instrument': [ '5.2.1' ],
123 silly audit   'istanbul-lib-report': [ '3.0.0' ],
123 silly audit   'istanbul-lib-source-maps': [ '4.0.1' ],
123 silly audit   'istanbul-reports': [ '3.1.5' ],
123 silly audit   jake: [ '10.8.5' ],
123 silly audit   jest: [ '27.5.1' ],
123 silly audit   'jest-changed-files': [ '27.5.1' ],
123 silly audit   'jest-circus': [ '27.5.1' ],
123 silly audit   'jest-cli': [ '27.5.1' ],
123 silly audit   'jest-config': [ '27.5.1' ],
123 silly audit   'jest-docblock': [ '27.5.1' ],
123 silly audit   'jest-each': [ '27.5.1' ],
123 silly audit   'jest-environment-jsdom': [ '27.5.1' ],
123 silly audit   'jest-environment-node': [ '27.5.1' ],
123 silly audit   'jest-haste-map': [ '27.5.1' ],
123 silly audit   'jest-jasmine2': [ '27.5.1' ],
123 silly audit   'jest-leak-detector': [ '27.5.1' ],
123 silly audit   'jest-mock': [ '27.5.1' ],
123 silly audit   'jest-pnp-resolver': [ '1.2.2' ],
123 silly audit   'jest-regex-util': [ '27.5.1', '28.0.2' ],
123 silly audit   'jest-resolve': [ '27.5.1' ],
123 silly audit   'jest-resolve-dependencies': [ '27.5.1' ],
123 silly audit   'jest-runner': [ '27.5.1' ],
123 silly audit   'jest-runtime': [ '27.5.1' ],
123 silly audit   'jest-serializer': [ '27.5.1' ],
123 silly audit   'jest-snapshot': [ '27.5.1' ],
123 silly audit   'jest-validate': [ '27.5.1' ],
123 silly audit   'jest-watch-typeahead': [ '1.1.0' ],
123 silly audit   slash: [ '3.0.0', '4.0.0' ],
123 silly audit   'jest-watcher': [ '28.1.3', '27.5.1' ],
123 silly audit   'string-length': [ '4.0.2', '5.0.1' ],
123 silly audit   'strip-ansi': [ '6.0.1', '7.0.1' ],
123 silly audit   'js-sdsl': [ '4.1.5' ],
123 silly audit   'js-tokens': [ '4.0.0' ],
123 silly audit   jsdom: [ '16.7.0' ],
123 silly audit   jsesc: [ '2.5.2', '0.5.0' ],
123 silly audit   'json-parse-even-better-errors': [ '2.3.1' ],
123 silly audit   'json-schema': [ '0.4.0' ],
123 silly audit   'json-stable-stringify-without-jsonify': [ '1.0.1' ],
123 silly audit   json5: [ '2.2.1', '1.0.1' ],
123 silly audit   jsonfile: [ '6.1.0' ],
123 silly audit   jsonpointer: [ '5.0.1' ],
123 silly audit   'jsx-ast-utils': [ '3.3.3' ],
123 silly audit   'kind-of': [ '6.0.3' ],
123 silly audit   kleur: [ '3.0.3' ],
123 silly audit   klona: [ '2.0.5' ],
123 silly audit   'language-subtag-registry': [ '0.3.22' ],
123 silly audit   'language-tags': [ '1.0.5' ],
123 silly audit   leven: [ '3.1.0' ],
123 silly audit   lilconfig: [ '2.0.6' ],
123 silly audit   'lines-and-columns': [ '1.2.4' ],
123 silly audit   'loader-runner': [ '4.3.0' ],
123 silly audit   'loader-utils': [ '2.0.3', '3.2.0' ],
123 silly audit   lodash: [ '4.17.21' ],
123 silly audit   'lodash.debounce': [ '4.0.8' ],
123 silly audit   'lodash.memoize': [ '4.1.2' ],
123 silly audit   'lodash.merge': [ '4.6.2' ],
123 silly audit   'lodash.sortby': [ '4.7.0' ],
123 silly audit   'lodash.uniq': [ '4.5.0' ],
123 silly audit   'loose-envify': [ '1.4.0' ],
123 silly audit   'lower-case': [ '2.0.2' ],
123 silly audit   'lru-cache': [ '6.0.0' ],
123 silly audit   'lz-string': [ '1.4.4' ],
123 silly audit   'magic-string': [ '0.25.9' ],
123 silly audit   'make-dir': [ '3.1.0' ],
123 silly audit   makeerror: [ '1.0.12' ],
123 silly audit   'media-typer': [ '0.3.0' ],
123 silly audit   memfs: [ '3.4.10' ],
123 silly audit   'merge-descriptors': [ '1.0.1' ],
123 silly audit   'merge-stream': [ '2.0.0' ],
123 silly audit   merge2: [ '1.4.1' ],
123 silly audit   methods: [ '1.1.2' ],
123 silly audit   micromatch: [ '4.0.5' ],
123 silly audit   mime: [ '1.6.0' ],
123 silly audit   'mime-db': [ '1.52.0' ],
123 silly audit   'mime-types': [ '2.1.35' ],
123 silly audit   'mimic-fn': [ '2.1.0' ],
123 silly audit   'min-indent': [ '1.0.1' ],
123 silly audit   'mini-css-extract-plugin': [ '2.6.1' ],
123 silly audit   'minimalistic-assert': [ '1.0.1' ],
123 silly audit   minimist: [ '1.2.7' ],
123 silly audit   mkdirp: [ '0.5.6' ],
123 silly audit   'multicast-dns': [ '7.2.5' ],
123 silly audit   nanoid: [ '3.3.4' ],
123 silly audit   'natural-compare': [ '1.4.0' ],
123 silly audit   'natural-compare-lite': [ '1.4.0' ],
123 silly audit   negotiator: [ '0.6.3' ],
123 silly audit   'neo-async': [ '2.6.2' ],
123 silly audit   'no-case': [ '3.0.4' ],
123 silly audit   'node-forge': [ '1.3.1' ],
123 silly audit   'node-int64': [ '0.4.0' ],
123 silly audit   'node-releases': [ '2.0.6' ],
123 silly audit   'normalize-path': [ '3.0.0' ],
123 silly audit   'normalize-range': [ '0.1.2' ],
123 silly audit   'normalize-url': [ '6.1.0' ],
123 silly audit   'npm-run-path': [ '4.0.1' ],
123 silly audit   'nth-check': [ '2.1.1', '1.0.2' ],
123 silly audit   nwsapi: [ '2.2.2' ],
123 silly audit   'object-assign': [ '4.1.1' ],
123 silly audit   'object-hash': [ '3.0.0' ],
123 silly audit   'object-inspect': [ '1.12.2' ],
123 silly audit   'object-is': [ '1.1.5' ],
123 silly audit   'object-keys': [ '1.1.1' ],
123 silly audit   'object.assign': [ '4.1.4' ],
123 silly audit   'object.entries': [ '1.1.5' ],
123 silly audit   'object.fromentries': [ '2.0.5' ],
123 silly audit   'object.getownpropertydescriptors': [ '2.1.4' ],
123 silly audit   'object.hasown': [ '1.1.1' ],
123 silly audit   'object.values': [ '1.1.5' ],
123 silly audit   obuf: [ '1.1.2' ],
123 silly audit   'on-finished': [ '2.4.1' ],
123 silly audit   'on-headers': [ '1.0.2' ],
123 silly audit   once: [ '1.4.0' ],
123 silly audit   onetime: [ '5.1.2' ],
123 silly audit   open: [ '8.4.0' ],
123 silly audit   'p-retry': [ '4.6.2' ],
123 silly audit   'p-try': [ '2.2.0' ],
123 silly audit   'param-case': [ '3.0.4' ],
123 silly audit   'parent-module': [ '1.0.1' ],
123 silly audit   'parse-json': [ '5.2.0' ],
123 silly audit   parse5: [ '6.0.1' ],
123 silly audit   parseurl: [ '1.3.3' ],
123 silly audit   'pascal-case': [ '3.1.2' ],
123 silly audit   'path-exists': [ '4.0.0', '3.0.0' ],
123 silly audit   'path-is-absolute': [ '1.0.1' ],
123 silly audit   'path-key': [ '3.1.1' ],
123 silly audit   'path-parse': [ '1.0.7' ],
123 silly audit   'path-to-regexp': [ '0.1.7' ],
123 silly audit   'path-type': [ '4.0.0' ],
123 silly audit   'performance-now': [ '2.1.0' ],
123 silly audit   picocolors: [ '1.0.0', '0.2.1' ],
123 silly audit   picomatch: [ '2.3.1' ],
123 silly audit   pify: [ '2.3.0' ],
123 silly audit   pirates: [ '4.0.5' ],
123 silly audit   'pkg-dir': [ '4.2.0' ],
123 silly audit   'pkg-up': [ '3.1.0' ],
123 silly audit   postcss: [ '8.4.18', '7.0.39' ],
123 silly audit   'postcss-attribute-case-insensitive': [ '5.0.2' ],
123 silly audit   'postcss-browser-comments': [ '4.0.0' ],
123 silly audit   'postcss-calc': [ '8.2.4' ],
123 silly audit   'postcss-clamp': [ '4.1.0' ],
123 silly audit   'postcss-color-functional-notation': [ '4.2.4' ],
123 silly audit   'postcss-color-hex-alpha': [ '8.0.4' ],
123 silly audit   'postcss-color-rebeccapurple': [ '7.1.1' ],
123 silly audit   'postcss-colormin': [ '5.3.0' ],
123 silly audit   'postcss-convert-values': [ '5.1.3' ],
123 silly audit   'postcss-custom-media': [ '8.0.2' ],
123 silly audit   'postcss-custom-properties': [ '12.1.10' ],
123 silly audit   'postcss-custom-selectors': [ '6.0.3' ],
123 silly audit   'postcss-dir-pseudo-class': [ '6.0.5' ],
123 silly audit   'postcss-discard-comments': [ '5.1.2' ],
123 silly audit   'postcss-discard-duplicates': [ '5.1.0' ],
123 silly audit   'postcss-discard-empty': [ '5.1.1' ],
123 silly audit   'postcss-discard-overridden': [ '5.1.0' ],
123 silly audit   'postcss-double-position-gradients': [ '3.1.2' ],
123 silly audit   'postcss-env-function': [ '4.0.6' ],
123 silly audit   'postcss-flexbugs-fixes': [ '5.0.2' ],
123 silly audit   'postcss-focus-visible': [ '6.0.4' ],
123 silly audit   'postcss-focus-within': [ '5.0.4' ],
123 silly audit   'postcss-font-variant': [ '5.0.0' ],
123 silly audit   'postcss-gap-properties': [ '3.0.5' ],
123 silly audit   'postcss-image-set-function': [ '4.0.7' ],
123 silly audit   'postcss-import': [ '14.1.0' ],
123 silly audit   'postcss-initial': [ '4.0.1' ],
123 silly audit   'postcss-js': [ '4.0.0' ],
123 silly audit   'postcss-lab-function': [ '4.2.1' ],
123 silly audit   'postcss-load-config': [ '3.1.4' ],
123 silly audit   'postcss-loader': [ '6.2.1' ],
123 silly audit   'postcss-logical': [ '5.0.4' ],
123 silly audit   'postcss-media-minmax': [ '5.0.0' ],
123 silly audit   'postcss-merge-longhand': [ '5.1.7' ],
123 silly audit   'postcss-merge-rules': [ '5.1.3' ],
123 silly audit   'postcss-minify-font-values': [ '5.1.0' ],
123 silly audit   'postcss-minify-gradients': [ '5.1.1' ],
123 silly audit   'postcss-minify-params': [ '5.1.4' ],
123 silly audit   'postcss-minify-selectors': [ '5.2.1' ],
123 silly audit   'postcss-modules-extract-imports': [ '3.0.0' ],
123 silly audit   'postcss-modules-local-by-default': [ '4.0.0' ],
123 silly audit   'postcss-modules-scope': [ '3.0.0' ],
123 silly audit   'postcss-modules-values': [ '4.0.0' ],
123 silly audit   'postcss-nested': [ '6.0.0' ],
123 silly audit   'postcss-nesting': [ '10.2.0' ],
123 silly audit   'postcss-normalize': [ '10.0.1' ],
123 silly audit   'postcss-normalize-charset': [ '5.1.0' ],
123 silly audit   'postcss-normalize-display-values': [ '5.1.0' ],
123 silly audit   'postcss-normalize-positions': [ '5.1.1' ],
123 silly audit   'postcss-normalize-repeat-style': [ '5.1.1' ],
123 silly audit   'postcss-normalize-string': [ '5.1.0' ],
123 silly audit   'postcss-normalize-timing-functions': [ '5.1.0' ],
123 silly audit   'postcss-normalize-unicode': [ '5.1.1' ],
123 silly audit   'postcss-normalize-url': [ '5.1.0' ],
123 silly audit   'postcss-normalize-whitespace': [ '5.1.1' ],
123 silly audit   'postcss-opacity-percentage': [ '1.1.2' ],
123 silly audit   'postcss-ordered-values': [ '5.1.3' ],
123 silly audit   'postcss-overflow-shorthand': [ '3.0.4' ],
123 silly audit   'postcss-page-break': [ '3.0.4' ],
123 silly audit   'postcss-place': [ '7.0.5' ],
123 silly audit   'postcss-preset-env': [ '7.8.2' ],
123 silly audit   'postcss-pseudo-class-any-link': [ '7.1.6' ],
123 silly audit   'postcss-reduce-initial': [ '5.1.1' ],
123 silly audit   'postcss-reduce-transforms': [ '5.1.0' ],
123 silly audit   'postcss-replace-overflow-wrap': [ '4.0.0' ],
123 silly audit   'postcss-selector-not': [ '6.0.1' ],
123 silly audit   'postcss-selector-parser': [ '6.0.10' ],
123 silly audit   'postcss-svgo': [ '5.1.0' ],
123 silly audit   svgo: [ '2.8.0', '1.3.2' ],
123 silly audit   'postcss-unique-selectors': [ '5.1.1' ],
123 silly audit   'postcss-value-parser': [ '4.2.0' ],
123 silly audit   'pretty-bytes': [ '5.6.0' ],
123 silly audit   'pretty-error': [ '4.0.0' ],
123 silly audit   'process-nextick-args': [ '2.0.1' ],
123 silly audit   promise: [ '8.3.0' ],
123 silly audit   prompts: [ '2.4.2' ],
123 silly audit   'prop-types': [ '15.8.1' ],
123 silly audit   'prop-types-extra': [ '1.1.1' ],
123 silly audit   'proxy-addr': [ '2.0.7' ],
123 silly audit   psl: [ '1.9.0' ],
123 silly audit   punycode: [ '2.1.1' ],
123 silly audit   q: [ '1.5.1' ],
123 silly audit   qs: [ '6.11.0' ],
123 silly audit   querystringify: [ '2.2.0' ],
123 silly audit   'queue-microtask': [ '1.2.3' ],
123 silly audit   'quick-lru': [ '5.1.1' ],
123 silly audit   raf: [ '3.4.1' ],
123 silly audit   randombytes: [ '2.1.0' ],
123 silly audit   'range-parser': [ '1.2.1' ],
123 silly audit   'raw-body': [ '2.5.1' ],
123 silly audit   react: [ '18.2.0' ],
123 silly audit   'react-app-polyfill': [ '3.0.0' ],
123 silly audit   'react-bootstrap': [ '2.5.0' ],
123 silly audit   'react-dev-utils': [ '12.0.1' ],
123 silly audit   'react-dom': [ '18.2.0' ],
123 silly audit   'react-error-overlay': [ '6.0.11' ],
123 silly audit   'react-lifecycles-compat': [ '3.0.4' ],
123 silly audit   'react-refresh': [ '0.11.0' ],
123 silly audit   'react-router': [ '6.4.3' ],
123 silly audit   'react-router-dom': [ '6.4.3' ],
123 silly audit   'react-scripts': [ '5.0.1' ],
123 silly audit   'react-transition-group': [ '4.4.5' ],
123 silly audit   'read-cache': [ '1.0.0' ],
123 silly audit   readdirp: [ '3.6.0' ],
123 silly audit   'recursive-readdir': [ '2.2.3' ],
123 silly audit   redent: [ '3.0.0' ],
123 silly audit   regenerate: [ '1.4.2' ],
123 silly audit   'regenerate-unicode-properties': [ '10.1.0' ],
123 silly audit   'regenerator-runtime': [ '0.13.10' ],
123 silly audit   'regenerator-transform': [ '0.15.0' ],
123 silly audit   'regex-parser': [ '2.2.11' ],
123 silly audit   'regexp.prototype.flags': [ '1.4.3' ],
123 silly audit   regexpp: [ '3.2.0' ],
123 silly audit   'regexpu-core': [ '5.2.1' ],
123 silly audit   regjsgen: [ '0.7.1' ],
123 silly audit   regjsparser: [ '0.9.1' ],
123 silly audit   relateurl: [ '0.2.7' ],
123 silly audit   renderkid: [ '3.0.0' ],
123 silly audit   'require-directory': [ '2.1.1' ],
123 silly audit   'require-from-string': [ '2.0.2' ],
123 silly audit   'requires-port': [ '1.0.0' ],
123 silly audit   'resolve-cwd': [ '3.0.0' ],
123 silly audit   'resolve-url-loader': [ '4.0.0' ],
123 silly audit   'resolve.exports': [ '1.1.0' ],
123 silly audit   retry: [ '0.13.1' ],
123 silly audit   reusify: [ '1.0.4' ],
123 silly audit   rimraf: [ '3.0.2' ],
123 silly audit   rollup: [ '2.79.1' ],
123 silly audit   'rollup-plugin-terser': [ '7.0.2' ],
123 silly audit   'serialize-javascript': [ '4.0.0', '6.0.0' ],
123 silly audit   'run-parallel': [ '1.2.0' ],
123 silly audit   'safe-regex-test': [ '1.0.0' ],
123 silly audit   'safer-buffer': [ '2.1.2' ],
123 silly audit   'sanitize.css': [ '13.0.0' ],
123 silly audit   'sass-loader': [ '12.6.0' ],
123 silly audit   sax: [ '1.2.4' ],
123 silly audit   saxes: [ '5.0.1' ],
123 silly audit   scheduler: [ '0.23.0' ],
123 silly audit   'select-hose': [ '2.0.0' ],
123 silly audit   selfsigned: [ '2.1.1' ],
123 silly audit   send: [ '0.18.0' ],
123 silly audit   'serve-index': [ '1.9.1' ],
123 silly audit   setprototypeof: [ '1.1.0', '1.2.0' ],
123 silly audit   statuses: [ '1.5.0', '2.0.1' ],
123 silly audit   'serve-static': [ '1.15.0' ],
123 silly audit   'shebang-command': [ '2.0.0' ],
123 silly audit   'shebang-regex': [ '3.0.0' ],
123 silly audit   'shell-quote': [ '1.7.4' ],
123 silly audit   'side-channel': [ '1.0.4' ],
123 silly audit   'signal-exit': [ '3.0.7' ],
123 silly audit   sisteransi: [ '1.0.5' ],
123 silly audit   sockjs: [ '0.3.24' ],
123 silly audit   'source-list-map': [ '2.0.1' ],
123 silly audit   'source-map-js': [ '1.0.2' ],
123 silly audit   'source-map-loader': [ '3.0.2' ],
123 silly audit   'source-map-support': [ '0.5.21' ],
123 silly audit   'sourcemap-codec': [ '1.4.8' ],
123 silly audit   spdy: [ '4.0.2' ],
123 silly audit   'spdy-transport': [ '3.0.0' ],
123 silly audit   'sprintf-js': [ '1.0.3' ],
123 silly audit   stable: [ '0.1.8' ],
123 silly audit   'stack-utils': [ '2.0.5' ],
123 silly audit   stackframe: [ '1.3.4' ],
123 silly audit   'string-natural-compare': [ '3.0.1' ],
123 silly audit   'string-width': [ '4.2.3' ],
123 silly audit   'string.prototype.matchall': [ '4.0.7' ],
123 silly audit   'string.prototype.trimend': [ '1.0.5' ],
123 silly audit   'string.prototype.trimstart': [ '1.0.5' ],
123 silly audit   'stringify-object': [ '3.3.0' ],
123 silly audit   'strip-bom': [ '4.0.0', '3.0.0' ],
123 silly audit   'strip-comments': [ '2.0.1' ],
123 silly audit   'strip-final-newline': [ '2.0.0' ],
123 silly audit   'strip-indent': [ '3.0.0' ],
123 silly audit   'strip-json-comments': [ '3.1.1' ],
123 silly audit   'style-loader': [ '3.3.1' ],
123 silly audit   stylehacks: [ '5.1.1' ],
123 silly audit   'supports-hyperlinks': [ '2.3.0' ],
123 silly audit   'supports-preserve-symlinks-flag': [ '1.0.0' ],
123 silly audit   'svg-parser': [ '2.0.4' ],
123 silly audit   'symbol-tree': [ '3.2.4' ],
123 silly audit   tailwindcss: [ '3.2.2' ],
123 silly audit   'temp-dir': [ '2.0.0' ],
123 silly audit   tempy: [ '0.6.0' ],
123 silly audit   'terminal-link': [ '2.1.1' ],
123 silly audit   terser: [ '5.15.1' ],
123 silly audit   'terser-webpack-plugin': [ '5.3.6' ],
123 silly audit   'test-exclude': [ '6.0.0' ],
123 silly audit   'text-table': [ '0.2.0' ],
123 silly audit   throat: [ '6.0.1' ],
123 silly audit   thunky: [ '1.1.0' ],
123 silly audit   tmpl: [ '1.0.5' ],
123 silly audit   'to-fast-properties': [ '2.0.0' ],
123 silly audit   'to-regex-range': [ '5.0.1' ],
123 silly audit   toidentifier: [ '1.0.1' ],
123 silly audit   'tough-cookie': [ '4.1.2' ],
123 silly audit   universalify: [ '0.2.0', '2.0.0' ],
123 silly audit   tr46: [ '2.1.0', '1.0.1' ],
123 silly audit   tryer: [ '1.0.1' ],
123 silly audit   'tsconfig-paths': [ '3.14.1' ],
123 silly audit   tslib: [ '2.4.1', '1.14.1' ],
123 silly audit   tsutils: [ '3.21.0' ],
123 silly audit   'type-detect': [ '4.0.8' ],
123 silly audit   'type-is': [ '1.6.18' ],
123 silly audit   'typedarray-to-buffer': [ '3.1.5' ],
123 silly audit   typescript: [ '4.8.4' ],
123 silly audit   'unbox-primitive': [ '1.0.2' ],
123 silly audit   uncontrollable: [ '7.2.1' ],
123 silly audit   'unicode-canonical-property-names-ecmascript': [ '2.0.0' ],
123 silly audit   'unicode-match-property-ecmascript': [ '2.0.0' ],
123 silly audit   'unicode-match-property-value-ecmascript': [ '2.0.0' ],
123 silly audit   'unicode-property-aliases-ecmascript': [ '2.1.0' ],
123 silly audit   'unique-string': [ '2.0.0' ],
123 silly audit   unpipe: [ '1.0.0' ],
123 silly audit   unquote: [ '1.1.1' ],
123 silly audit   upath: [ '1.2.0' ],
123 silly audit   'update-browserslist-db': [ '1.0.10' ],
123 silly audit   'uri-js': [ '4.4.1' ],
123 silly audit   'url-parse': [ '1.5.10' ],
123 silly audit   'util-deprecate': [ '1.0.2' ],
123 silly audit   'util.promisify': [ '1.0.1' ],
123 silly audit   utila: [ '0.4.0' ],
123 silly audit   'utils-merge': [ '1.0.1' ],
123 silly audit   uuid: [ '8.3.2' ],
123 silly audit   'v8-to-istanbul': [ '8.1.1' ],
123 silly audit   vary: [ '1.1.2' ],
123 silly audit   'w3c-hr-time': [ '1.0.2' ],
123 silly audit   'w3c-xmlserializer': [ '2.0.0' ],
123 silly audit   walker: [ '1.0.8' ],
123 silly audit   warning: [ '4.0.3' ],
123 silly audit   watchpack: [ '2.4.0' ],
123 silly audit   wbuf: [ '1.7.3' ],
123 silly audit   'web-vitals': [ '2.1.4' ],
123 silly audit   webpack: [ '5.74.0' ],
123 silly audit   'webpack-dev-middleware': [ '5.3.3' ],
123 silly audit   'webpack-dev-server': [ '4.11.1' ],
123 silly audit   ws: [ '8.10.0', '7.5.9' ],
123 silly audit   'webpack-manifest-plugin': [ '4.1.1' ],
123 silly audit   'webpack-sources': [ '2.3.1', '3.2.3', '1.4.3' ],
123 silly audit   'websocket-driver': [ '0.7.4' ],
123 silly audit   'websocket-extensions': [ '0.1.4' ],
123 silly audit   'whatwg-encoding': [ '1.0.5' ],
123 silly audit   'whatwg-fetch': [ '3.6.2' ],
123 silly audit   'whatwg-mimetype': [ '2.3.0' ],
123 silly audit   'whatwg-url': [ '8.7.0', '7.1.0' ],
123 silly audit   'which-boxed-primitive': [ '1.0.2' ],
123 silly audit   'which-collection': [ '1.0.1' ],
123 silly audit   'which-typed-array': [ '1.1.9' ],
123 silly audit   'word-wrap': [ '1.2.3' ],
123 silly audit   'workbox-background-sync': [ '6.5.4' ],
123 silly audit   'workbox-broadcast-update': [ '6.5.4' ],
123 silly audit   'workbox-build': [ '6.5.4' ],
123 silly audit   '@apideck/better-ajv-errors': [ '0.3.6' ],
123 silly audit   'workbox-cacheable-response': [ '6.5.4' ],
123 silly audit   'workbox-core': [ '6.5.4' ],
123 silly audit   'workbox-expiration': [ '6.5.4' ],
123 silly audit   'workbox-google-analytics': [ '6.5.4' ],
123 silly audit   'workbox-navigation-preload': [ '6.5.4' ],
123 silly audit   'workbox-precaching': [ '6.5.4' ],
123 silly audit   'workbox-range-requests': [ '6.5.4' ],
123 silly audit   'workbox-recipes': [ '6.5.4' ],
123 silly audit   'workbox-routing': [ '6.5.4' ],
123 silly audit   'workbox-strategies': [ '6.5.4' ],
123 silly audit   'workbox-streams': [ '6.5.4' ],
123 silly audit   'workbox-sw': [ '6.5.4' ],
123 silly audit   'workbox-webpack-plugin': [ '6.5.4' ],
123 silly audit   'workbox-window': [ '6.5.4' ],
123 silly audit   'wrap-ansi': [ '7.0.0' ],
123 silly audit   wrappy: [ '1.0.2' ],
123 silly audit   'write-file-atomic': [ '3.0.3' ],
123 silly audit   'xml-name-validator': [ '3.0.0' ],
123 silly audit   xmlchars: [ '2.2.0' ],
123 silly audit   xtend: [ '4.0.2' ],
123 silly audit   y18n: [ '5.0.8' ],
123 silly audit   yallist: [ '4.0.0' ],
123 silly audit   yaml: [ '1.10.2' ],
123 silly audit   yargs: [ '16.2.0' ],
123 silly audit   'yargs-parser': [ '20.2.9' ],
123 silly audit   'yocto-queue': [ '0.1.0' ],
123 silly audit   'react-loader-spinner': [ '5.3.4' ],
123 silly audit   'styled-components': [ '5.3.6' ],
123 silly audit   'styled-tools': [ '1.7.2' ],
123 silly audit   '@emotion/is-prop-valid': [ '1.2.0' ],
123 silly audit   '@emotion/stylis': [ '0.8.5' ],
123 silly audit   '@emotion/unitless': [ '0.7.5' ],
123 silly audit   'babel-plugin-styled-components': [ '2.0.7' ],
123 silly audit   'css-to-react-native': [ '3.0.0' ],
123 silly audit   'hoist-non-react-statics': [ '3.3.2' ],
123 silly audit   shallowequal: [ '1.1.0' ],
123 silly audit   '@emotion/memoize': [ '0.8.0' ],
123 silly audit   'babel-plugin-syntax-jsx': [ '6.18.0' ],
123 silly audit   camelize: [ '1.0.1' ],
123 silly audit   'css-color-keywords': [ '1.0.0' ]
123 silly audit }
124 verbose reify failed optional dependency C:\Users\SUBHAM RATH\Desktop\JS\dell\CodeCrib\codecrib\node_modules\fsevents
125 silly reify mark deleted [
125 silly reify   'C:\\Users\\SUBHAM RATH\\Desktop\\JS\\dell\\CodeCrib\\codecrib\\node_modules\\fsevents'
125 silly reify ]
126 timing reifyNode:node_modules/fsevents Completed in 5ms
127 silly tarball no local data for css-color-keywords@https://registry.npmjs.org/css-color-keywords/-/css-color-keywords-1.0.0.tgz. Extracting by manifest.
128 silly tarball no local data for camelize@https://registry.npmjs.org/camelize/-/camelize-1.0.1.tgz. Extracting by manifest.
129 silly tarball no local data for shallowequal@https://registry.npmjs.org/shallowequal/-/shallowequal-1.1.0.tgz. Extracting by manifest.
130 silly tarball no local data for css-to-react-native@https://registry.npmjs.org/css-to-react-native/-/css-to-react-native-3.0.0.tgz. Extracting by manifest.
131 silly tarball no local data for babel-plugin-syntax-jsx@https://registry.npmjs.org/babel-plugin-syntax-jsx/-/babel-plugin-syntax-jsx-6.18.0.tgz. Extracting by manifest.
132 silly tarball no local data for @emotion/memoize@https://registry.npmjs.org/@emotion/memoize/-/memoize-0.8.0.tgz. Extracting by manifest.
133 silly tarball no local data for babel-plugin-styled-components@https://registry.npmjs.org/babel-plugin-styled-components/-/babel-plugin-styled-components-2.0.7.tgz. Extracting by manifest.
134 silly tarball no local data for hoist-non-react-statics@https://registry.npmjs.org/hoist-non-react-statics/-/hoist-non-react-statics-3.3.2.tgz. Extracting by manifest.
135 silly tarball no local data for @emotion/unitless@https://registry.npmjs.org/@emotion/unitless/-/unitless-0.7.5.tgz. Extracting by manifest.
136 silly tarball no local data for @emotion/is-prop-valid@https://registry.npmjs.org/@emotion/is-prop-valid/-/is-prop-valid-1.2.0.tgz. Extracting by manifest.
137 silly tarball no local data for @emotion/stylis@https://registry.npmjs.org/@emotion/stylis/-/stylis-0.8.5.tgz. Extracting by manifest.
138 silly tarball no local data for styled-tools@https://registry.npmjs.org/styled-tools/-/styled-tools-1.7.2.tgz. Extracting by manifest.
139 silly tarball no local data for styled-components@https://registry.npmjs.org/styled-components/-/styled-components-5.3.6.tgz. Extracting by manifest.
140 silly tarball no local data for react-loader-spinner@https://registry.npmjs.org/react-loader-spinner/-/react-loader-spinner-5.3.4.tgz. Extracting by manifest.
141 silly tarball no local data for react-is@https://registry.npmjs.org/react-is/-/react-is-18.2.0.tgz. Extracting by manifest.
142 timing reifyNode:node_modules/hoist-non-react-statics/node_modules/react-is Completed in 170ms
143 http fetch GET 200 https://registry.npmjs.org/css-color-keywords/-/css-color-keywords-1.0.0.tgz 465ms (cache miss)
144 timing reifyNode:node_modules/css-color-keywords Completed in 484ms
145 http fetch GET 200 https://registry.npmjs.org/camelize/-/camelize-1.0.1.tgz 652ms (cache miss)
146 timing reifyNode:node_modules/camelize Completed in 673ms
147 http fetch GET 200 https://registry.npmjs.org/shallowequal/-/shallowequal-1.1.0.tgz 1066ms (cache miss)
148 timing reifyNode:node_modules/shallowequal Completed in 1089ms
149 http fetch GET 200 https://registry.npmjs.org/babel-plugin-syntax-jsx/-/babel-plugin-syntax-jsx-6.18.0.tgz 1064ms (cache miss)
150 timing reifyNode:node_modules/babel-plugin-syntax-jsx Completed in 1098ms
151 http fetch GET 200 https://registry.npmjs.org/css-to-react-native/-/css-to-react-native-3.0.0.tgz 1429ms (cache miss)
152 timing reifyNode:node_modules/css-to-react-native Completed in 1457ms
153 http fetch POST 200 https://registry.npmjs.org/-/npm/v1/security/advisories/bulk 1525ms
154 timing auditReport:getReport Completed in 1542ms
155 silly audit report {
155 silly audit report   'nth-check': [
155 silly audit report     {
155 silly audit report       id: 1070415,
155 silly audit report       url: 'https://github.com/advisories/GHSA-rp65-9cf3-cjxr',
155 silly audit report       title: 'Inefficient Regular Expression Complexity in nth-check',
155 silly audit report       severity: 'high',
155 silly audit report       vulnerable_versions: '<2.0.1',
155 silly audit report       cwe: [Array],
155 silly audit report       cvss: [Object]
155 silly audit report     }
155 silly audit report   ]
155 silly audit report }
156 timing metavuln:cache:get:security-advisory:nth-check:q9W4Mnp2CLaC09BzzYywfkVmzHJt3Pfi70IxO1TfKO7ZrbohQ6/nxWo3z5u4rueV2a6cv2KwRNGkr8INdCPsAA== Completed in 7ms
157 http fetch GET 200 https://registry.npmjs.org/nth-check 14ms (cache hit)
158 timing metavuln:packument:nth-check Completed in 14ms
159 timing metavuln:load:security-advisory:nth-check:1070415 Completed in 1ms
160 timing metavuln:calculate:security-advisory:nth-check:1070415 Completed in 16ms
161 timing metavuln:cache:get:security-advisory:css-select:Cxw9fRDewmSWmgz2FKrA6NxOmfFcZUbDmGpLvLcdHOYo/u/2s4slp6+dC0iXKYoI5W/3wY96QWqliI2xwnvevA== Completed in 3ms
162 http fetch GET 200 https://registry.npmjs.org/react-is/-/react-is-18.2.0.tgz 1440ms (cache miss)
163 timing reifyNode:node_modules/react-loader-spinner/node_modules/react-is Completed in 1541ms
164 http fetch GET 200 https://registry.npmjs.org/css-select 10ms (cache hit)
165 timing metavuln:packument:css-select Completed in 11ms
166 timing metavuln:load:security-advisory:css-select:q9W4Mnp2CLaC09BzzYywfkVmzHJt3Pfi70IxO1TfKO7ZrbohQ6/nxWo3z5u4rueV2a6cv2KwRNGkr8INdCPsAA== Completed in 1ms
167 timing metavuln:calculate:security-advisory:css-select:q9W4Mnp2CLaC09BzzYywfkVmzHJt3Pfi70IxO1TfKO7ZrbohQ6/nxWo3z5u4rueV2a6cv2KwRNGkr8INdCPsAA== Completed in 12ms
168 timing metavuln:cache:get:security-advisory:svgo:0505IGBCsLcG763PwR0Yit9arHQYlHm1It3auR+OOjX5CKb88KrcjEUM7C7TuJTr7sIri9shjQYUDOTjtJ7VxQ== Completed in 4ms
169 http fetch GET 200 https://registry.npmjs.org/svgo 12ms (cache hit)
170 timing metavuln:packument:svgo Completed in 14ms
171 timing metavuln:load:security-advisory:svgo:Cxw9fRDewmSWmgz2FKrA6NxOmfFcZUbDmGpLvLcdHOYo/u/2s4slp6+dC0iXKYoI5W/3wY96QWqliI2xwnvevA== Completed in 0ms
172 timing metavuln:calculate:security-advisory:svgo:Cxw9fRDewmSWmgz2FKrA6NxOmfFcZUbDmGpLvLcdHOYo/u/2s4slp6+dC0iXKYoI5W/3wY96QWqliI2xwnvevA== Completed in 15ms
173 http fetch GET 200 https://registry.npmjs.org/@emotion/memoize/-/memoize-0.8.0.tgz 1526ms (cache miss)
174 timing reifyNode:node_modules/@emotion/memoize Completed in 1567ms
175 timing metavuln:cache:get:security-advisory:@svgr/plugin-svgo:CqjIE74LUybGuzhbOcPvgfmJJ4AN+3Cmq9FzZDiCt1ELxnaKCAoZjGUaNxVFfq+HJFg9p5IcyhjSc8wXjotVFw== Completed in 9ms
176 http fetch GET 200 https://registry.npmjs.org/@svgr%2fplugin-svgo 15ms (cache hit)
177 timing metavuln:packument:@svgr/plugin-svgo Completed in 15ms
178 timing metavuln:load:security-advisory:@svgr/plugin-svgo:0505IGBCsLcG763PwR0Yit9arHQYlHm1It3auR+OOjX5CKb88KrcjEUM7C7TuJTr7sIri9shjQYUDOTjtJ7VxQ== Completed in 0ms
179 timing metavuln:calculate:security-advisory:@svgr/plugin-svgo:0505IGBCsLcG763PwR0Yit9arHQYlHm1It3auR+OOjX5CKb88KrcjEUM7C7TuJTr7sIri9shjQYUDOTjtJ7VxQ== Completed in 15ms
180 timing metavuln:cache:get:security-advisory:@svgr/webpack:6kGFeBaa+c/FiSh7gkidT8uneFtpq6JLmia0+ROmr6BVMW4bnUZ9bZd/dO+Squ13eCU8+LJ9HJjq2v7UKojEPA== Completed in 3ms
181 http fetch GET 200 https://registry.npmjs.org/@svgr%2fwebpack 8ms (cache hit)
182 timing metavuln:packument:@svgr/webpack Completed in 9ms
183 timing metavuln:load:security-advisory:@svgr/webpack:CqjIE74LUybGuzhbOcPvgfmJJ4AN+3Cmq9FzZDiCt1ELxnaKCAoZjGUaNxVFfq+HJFg9p5IcyhjSc8wXjotVFw== Completed in 0ms
184 timing metavuln:calculate:security-advisory:@svgr/webpack:CqjIE74LUybGuzhbOcPvgfmJJ4AN+3Cmq9FzZDiCt1ELxnaKCAoZjGUaNxVFfq+HJFg9p5IcyhjSc8wXjotVFw== Completed in 10ms
185 timing metavuln:cache:get:security-advisory:react-scripts:jzAvVcibtp6793goF6bMS+3REmxevJ33fk+CUpasW439H9DWo8HZryeL2vn3uGr5kT2MYZIC9lZQ2/rASfNe7w== Completed in 2ms
186 http fetch GET 200 https://registry.npmjs.org/react-scripts 11ms (cache hit)
187 timing metavuln:packument:react-scripts Completed in 15ms
188 timing metavuln:load:security-advisory:react-scripts:6kGFeBaa+c/FiSh7gkidT8uneFtpq6JLmia0+ROmr6BVMW4bnUZ9bZd/dO+Squ13eCU8+LJ9HJjq2v7UKojEPA== Completed in 1ms
189 timing metavuln:calculate:security-advisory:react-scripts:6kGFeBaa+c/FiSh7gkidT8uneFtpq6JLmia0+ROmr6BVMW4bnUZ9bZd/dO+Squ13eCU8+LJ9HJjq2v7UKojEPA== Completed in 16ms
190 timing auditReport:init Completed in 104ms
191 timing reify:audit Completed in 1647ms
192 http fetch GET 200 https://registry.npmjs.org/styled-tools/-/styled-tools-1.7.2.tgz 1961ms (cache miss)
193 timing reifyNode:node_modules/styled-tools Completed in 2030ms
194 http fetch GET 200 https://registry.npmjs.org/babel-plugin-styled-components/-/babel-plugin-styled-components-2.0.7.tgz 2096ms (cache miss)
195 timing reifyNode:node_modules/babel-plugin-styled-components Completed in 2146ms
196 http fetch GET 200 https://registry.npmjs.org/hoist-non-react-statics/-/hoist-non-react-statics-3.3.2.tgz 2702ms (cache miss)
197 timing reifyNode:node_modules/hoist-non-react-statics Completed in 2757ms
198 http fetch GET 200 https://registry.npmjs.org/@emotion/unitless/-/unitless-0.7.5.tgz 2984ms (cache miss)
199 timing reifyNode:node_modules/@emotion/unitless Completed in 3051ms
200 http fetch GET 200 https://registry.npmjs.org/@emotion/is-prop-valid/-/is-prop-valid-1.2.0.tgz 4801ms (cache miss)
201 timing reifyNode:node_modules/@emotion/is-prop-valid Completed in 4863ms
202 http fetch GET 200 https://registry.npmjs.org/react-loader-spinner/-/react-loader-spinner-5.3.4.tgz 8098ms (cache miss)
203 timing reifyNode:node_modules/react-loader-spinner Completed in 8192ms
204 http fetch GET 200 https://registry.npmjs.org/@emotion/stylis/-/stylis-0.8.5.tgz 9437ms (cache miss)
205 timing reifyNode:node_modules/@emotion/stylis Completed in 9503ms
206 http fetch GET 200 https://registry.npmjs.org/styled-components/-/styled-components-5.3.6.tgz 22349ms (cache miss)
207 timing reifyNode:node_modules/styled-components Completed in 22422ms
208 timing reify:unpack Completed in 22427ms
209 timing reify:unretire Completed in 0ms
210 timing build:queue Completed in 3ms
211 info run styled-components@5.3.6 postinstall node_modules/styled-components node ./postinstall.js
212 info run styled-components@5.3.6 postinstall { code: 0, signal: null }
213 timing build:run:postinstall:node_modules/styled-components Completed in 188ms
214 timing build:run:postinstall Completed in 188ms
215 timing build:deps Completed in 191ms
216 timing build Completed in 191ms
217 timing reify:build Completed in 192ms
218 timing reify:trash Completed in 2ms
219 timing reify:save Completed in 387ms
220 timing reify Completed in 66049ms
221 silly ADD node_modules/css-color-keywords
222 silly ADD node_modules/camelize
223 silly ADD node_modules/babel-plugin-syntax-jsx
224 silly ADD node_modules/@emotion/memoize
225 silly ADD node_modules/shallowequal
226 silly ADD node_modules/hoist-non-react-statics
227 silly ADD node_modules/hoist-non-react-statics/node_modules/react-is
228 silly ADD node_modules/css-to-react-native
229 silly ADD node_modules/babel-plugin-styled-components
230 silly ADD node_modules/@emotion/unitless
231 silly ADD node_modules/@emotion/stylis
232 silly ADD node_modules/@emotion/is-prop-valid
233 silly ADD node_modules/styled-tools
234 silly ADD node_modules/styled-components
235 silly ADD node_modules/react-loader-spinner
236 silly ADD node_modules/react-loader-spinner/node_modules/react-is
237 silly ADD
238 timing command:i Completed in 66068ms
239 verbose exit 0
240 timing npm Completed in 66195ms
241 info ok
